[2025-01-05T22:12:03.968020+00:00] e-mensa.INFO: Homepage accessed. {"ip":"::1"} []
[2025-01-05T22:12:18.647885+00:00] e-mensa.INFO: User logged in. {"user":"Admin","ip":"::1"} []
[2025-01-05T22:12:18.662406+00:00] e-mensa.INFO: Homepage accessed. {"ip":"::1"} []
[2025-01-05T22:12:45.932426+00:00] e-mensa.INFO: Homepage accessed. {"ip":"::1"} []
[2025-01-05T22:14:18.926982+00:00] e-mensa.WARNING: Failed login attempt - incorrect password. {"username":"admin@emensa.example","ip":"::1"} []
[2025-01-05T22:14:25.260006+00:00] e-mensa.WARNING: Failed login attempt - incorrect password. {"username":"admin2@emensa.example","ip":"::1"} []
[2025-01-05T22:14:28.387320+00:00] e-mensa.INFO: User logged in. {"user":"Admin","ip":"::1"} []
[2025-01-05T22:14:28.404754+00:00] e-mensa.INFO: Homepage accessed. {"ip":"::1"} []
[2025-01-05T22:15:36.468902+00:00] e-mensa.INFO: Homepage accessed. {"ip":"::1"} []
[2025-01-05T22:16:28.425795+00:00] e-mensa.INFO: Homepage accessed. {"ip":"::1"} []
[2025-01-05T22:19:09.802451+00:00] e-mensa.INFO: Homepage accessed. {"ip":"::1"} []
[2025-01-05T22:19:16.053710+00:00] e-mensa.INFO: User logged in. {"user":"Admin","ip":"::1"} []
[2025-01-05T22:19:16.093480+00:00] e-mensa.INFO: Homepage accessed. {"ip":"::1"} []
[2025-01-05T22:19:18.080729+00:00] e-mensa.INFO: User logged out. {"user":"Admin","ip":"::1"} []
[2025-01-05T22:19:22.535799+00:00] e-mensa.WARNING: Failed login attempt - incorrect password. {"username":"admin2@emensa.example","ip":"::1"} []
[2025-01-05T22:21:43.622758+00:00] e-mensa.WARNING: Failed login attempt - incorrect password. {"username":"admin2@emensa.example","ip":"::1"} []
[2025-01-05T22:22:02.897221+00:00] e-mensa.INFO: Homepage accessed. {"ip":"::1"} []
[2025-01-05T22:22:05.438681+00:00] e-mensa.INFO: Homepage accessed. {"ip":"::1"} []
[2025-01-05T22:24:07.863432+00:00] e-mensa.INFO: User logged in. {"user":"Admin","ip":"::1"} []
[2025-01-05T22:24:07.908713+00:00] e-mensa.INFO: Homepage accessed. {"ip":"::1"} []
[2025-01-05T22:53:37.694549+00:00] e-mensa.INFO: User logged in. {"user":"Admin","ip":"::1"} []
[2025-01-05T22:53:37.709984+00:00] e-mensa.INFO: Homepage accessed. {"ip":"::1"} []
[2025-01-05T23:05:51.686645+00:00] e-mensa.INFO: Homepage accessed. {"ip":"::1"} []
[2025-01-05T23:05:57.815915+00:00] e-mensa.INFO: Homepage accessed. {"ip":"::1"} []
[2025-01-05T23:06:04.352989+00:00] e-mensa.WARNING: Failed login attempt - incorrect password. {"username":"admin@emensa.example","ip":"::1"} []
[2025-01-05T23:06:07.727065+00:00] e-mensa.INFO: User logged in. {"user":"Admin","ip":"::1"} []
[2025-01-05T23:06:07.741241+00:00] e-mensa.INFO: Homepage accessed. {"ip":"::1"} []
[2025-01-05T23:11:40.681980+00:00] e-mensa.INFO: Homepage accessed. {"ip":"::1"} []
[2025-01-05T23:11:47.528118+00:00] e-mensa.INFO: User logged in. {"user":"Admin","ip":"::1"} []
[2025-01-05T23:11:47.553611+00:00] e-mensa.INFO: Homepage accessed. {"ip":"::1"} []
[2025-01-05T23:11:52.588119+00:00] e-mensa.INFO: User logged out. {"user":"Admin","ip":"::1"} []
[2025-01-05T23:11:54.448646+00:00] e-mensa.INFO: Homepage accessed. {"ip":"::1"} []
[2025-01-05T23:12:01.040108+00:00] e-mensa.INFO: User logged in. {"user":"Admin","ip":"::1"} []
[2025-01-05T23:12:01.053882+00:00] e-mensa.INFO: Homepage accessed. {"ip":"::1"} []
[2025-01-05T23:12:03.491896+00:00] e-mensa.INFO: User logged out. {"user":"Admin","ip":"::1"} []
[2025-01-05T23:12:08.821295+00:00] e-mensa.INFO: Homepage accessed. {"ip":"::1"} []
