[2025-01-05T23:15:56.021974+00:00] e-mensa.INFO: Homepage accessed. {"ip":"::1"} []
[2025-01-05T23:16:08.988091+00:00] e-mensa.INFO: Homepage accessed. {"ip":"::1"} []
[2025-01-05T23:16:15.441515+00:00] e-mensa.INFO: User logged in. {"user":"Admin","ip":"::1"} []
[2025-01-05T23:16:15.455429+00:00] e-mensa.INFO: Homepage accessed. {"ip":"::1"} []
[2025-01-05T23:16:29.095869+00:00] e-mensa.WARNING: Failed login attempt - incorrect password. {"username":"admin2@emensa.example","ip":"::1"} []
[2025-01-05T23:16:39.358477+00:00] e-mensa.INFO: User logged in. {"user":"Admin","ip":"::1"} []
[2025-01-05T23:16:39.372569+00:00] e-mensa.INFO: Homepage accessed. {"ip":"::1"} []
[2025-01-05T23:16:42.234230+00:00] e-mensa.INFO: User logged out. {"user":"Admin","ip":"::1"} []
[2025-01-05T23:16:47.823458+00:00] e-mensa.INFO: Homepage accessed. {"ip":"::1"} []
[2025-01-06T12:14:48.987890+00:00] e-mensa.INFO: Homepage accessed. {"ip":"::1"} []
[2025-01-06T12:15:01.647508+00:00] e-mensa.INFO: Homepage accessed. {"ip":"::1"} []
[2025-01-06T12:15:15.065994+00:00] e-mensa.INFO: User logged in. {"user":"Admin","ip":"::1"} []
[2025-01-06T12:15:15.088446+00:00] e-mensa.INFO: Homepage accessed. {"ip":"::1"} []
[2025-01-06T12:15:17.747922+00:00] e-mensa.INFO: User logged out. {"user":"Admin","ip":"::1"} []
[2025-01-06T12:15:20.501411+00:00] e-mensa.INFO: Homepage accessed. {"ip":"::1"} []
[2025-01-06T12:15:49.277181+00:00] e-mensa.INFO: User logged in. {"user":"Admin","ip":"::1"} []
[2025-01-06T12:15:49.295990+00:00] e-mensa.INFO: Homepage accessed. {"ip":"::1"} []
[2025-01-06T12:42:59.774712+00:00] e-mensa.INFO: Homepage accessed. {"ip":"::1"} []
[2025-01-06T12:59:18.380211+00:00] e-mensa.INFO: Homepage accessed. {"ip":"::1"} []
[2025-01-06T12:59:31.435680+00:00] e-mensa.INFO: Homepage accessed. {"ip":"::1"} []
[2025-01-06T12:59:51.614396+00:00] e-mensa.INFO: User logged in. {"user":"Admin","ip":"::1"} []
[2025-01-06T12:59:51.632843+00:00] e-mensa.INFO: Homepage accessed. {"ip":"::1"} []
[2025-01-06T13:00:02.715100+00:00] e-mensa.INFO: User logged in. {"user":"Admin","ip":"::1"} []
[2025-01-06T13:00:02.733482+00:00] e-mensa.INFO: Homepage accessed. {"ip":"::1"} []
[2025-01-06T13:00:06.030515+00:00] e-mensa.INFO: User logged out. {"user":"Admin","ip":"::1"} []
[2025-01-06T13:00:15.658745+00:00] e-mensa.INFO: Homepage accessed. {"ip":"::1"} []
[2025-01-06T13:33:03.945086+00:00] e-mensa.INFO: Homepage accessed. {"ip":"::1"} []
[2025-01-06T14:02:41.541625+00:00] e-mensa.INFO: Homepage accessed. {"ip":"::1"} []
[2025-01-06T14:09:42.082730+00:00] e-mensa.INFO: Homepage accessed. {"ip":"::1"} []
[2025-01-06T14:09:58.610719+00:00] e-mensa.INFO: Homepage accessed. {"ip":"::1"} []
[2025-01-06T14:09:59.367661+00:00] e-mensa.INFO: Homepage accessed. {"ip":"::1"} []
[2025-01-06T14:10:07.040935+00:00] e-mensa.INFO: Homepage accessed. {"ip":"::1"} []
[2025-01-06T14:10:07.607732+00:00] e-mensa.INFO: Homepage accessed. {"ip":"::1"} []
[2025-01-06T14:10:07.768156+00:00] e-mensa.INFO: Homepage accessed. {"ip":"::1"} []
[2025-01-06T14:10:13.740539+00:00] e-mensa.INFO: Homepage accessed. {"ip":"::1"} []
[2025-01-06T14:10:14.128931+00:00] e-mensa.INFO: Homepage accessed. {"ip":"::1"} []
[2025-01-06T14:10:14.304592+00:00] e-mensa.INFO: Homepage accessed. {"ip":"::1"} []
[2025-01-06T14:10:39.648544+00:00] e-mensa.INFO: Homepage accessed. {"ip":"::1"} []
[2025-01-06T14:10:40.235378+00:00] e-mensa.INFO: Homepage accessed. {"ip":"::1"} []
[2025-01-06T14:10:59.773350+00:00] e-mensa.INFO: Homepage accessed. {"ip":"::1"} []
[2025-01-06T14:11:13.328907+00:00] e-mensa.INFO: Homepage accessed. {"ip":"::1"} []
[2025-01-06T14:11:23.140395+00:00] e-mensa.INFO: Homepage accessed. {"ip":"::1"} []
[2025-01-06T14:11:23.845778+00:00] e-mensa.INFO: Homepage accessed. {"ip":"::1"} []
[2025-01-06T14:11:24.010817+00:00] e-mensa.INFO: Homepage accessed. {"ip":"::1"} []
[2025-01-06T14:11:26.433376+00:00] e-mensa.INFO: Homepage accessed. {"ip":"::1"} []
[2025-01-06T14:11:26.597340+00:00] e-mensa.INFO: Homepage accessed. {"ip":"::1"} []
[2025-01-06T14:11:26.746297+00:00] e-mensa.INFO: Homepage accessed. {"ip":"::1"} []
[2025-01-06T14:11:53.247038+00:00] e-mensa.INFO: Homepage accessed. {"ip":"::1"} []
[2025-01-06T14:40:52.841813+00:00] e-mensa.INFO: Homepage accessed. {"ip":"::1"} []
[2025-01-06T14:41:00.002471+00:00] e-mensa.ERROR: Error inserting newsletter sign-up. {"exception":"[object] (mysqli_sql_exception(code: 1364): Field 'datenschutz' doesn't have a default value at C:\\Users\\micha\\DBWT EVRYTHING\\M5 remake AUFGABE 1-2 DONE NEXT 3\\M2\\E-Mensa Werbeseite\\emensa\\emensa\\emensa\\models\\gericht.php:48)"} []
[2025-01-06T14:41:00.015516+00:00] e-mensa.INFO: Homepage accessed. {"ip":"::1"} []
[2025-01-06T14:41:18.901296+00:00] e-mensa.ERROR: Error inserting newsletter sign-up. {"exception":"[object] (mysqli_sql_exception(code: 1364): Field 'datenschutz' doesn't have a default value at C:\\Users\\micha\\DBWT EVRYTHING\\M5 remake AUFGABE 1-2 DONE NEXT 3\\M2\\E-Mensa Werbeseite\\emensa\\emensa\\emensa\\models\\gericht.php:48)"} []
[2025-01-06T14:41:18.913240+00:00] e-mensa.INFO: Homepage accessed. {"ip":"::1"} []
[2025-01-06T14:45:39.270216+00:00] e-mensa.INFO: Homepage accessed. {"ip":"::1"} []
[2025-01-06T15:08:11.499244+00:00] e-mensa.INFO: Homepage accessed. {"ip":"::1"} []
[2025-01-06T20:30:28.877639+00:00] e-mensa.INFO: Homepage accessed. {"ip":"::1"} []
[2025-01-06T20:43:15.205721+00:00] e-mensa.INFO: Homepage accessed. {"ip":"::1"} []
[2025-01-06T20:46:57.138562+00:00] e-mensa.INFO: Homepage accessed. {"ip":"::1"} []
[2025-01-06T20:51:31.547553+00:00] e-mensa.INFO: Homepage accessed. {"ip":"::1"} []
[2025-01-06T20:54:27.168524+00:00] e-mensa.INFO: Homepage accessed. {"ip":"::1"} []
[2025-01-06T20:54:52.699471+00:00] e-mensa.INFO: Homepage accessed. {"ip":"::1"} []
[2025-01-06T21:00:17.004961+00:00] e-mensa.INFO: Homepage accessed. {"ip":"::1"} []
[2025-01-06T21:21:02.012139+00:00] e-mensa.INFO: Homepage accessed. {"ip":"::1"} []
[2025-01-06T21:21:19.346001+00:00] e-mensa.INFO: User logged in. {"user":"Admin","ip":"::1"} []
[2025-01-06T21:21:19.361595+00:00] e-mensa.INFO: Homepage accessed. {"ip":"::1"} []
[2025-01-06T21:28:38.860597+00:00] e-mensa.INFO: Homepage accessed. {"ip":"::1"} []
[2025-01-06T21:28:42.592123+00:00] e-mensa.INFO: Homepage accessed. {"ip":"::1"} []
[2025-01-06T21:28:47.136934+00:00] e-mensa.INFO: User logged out. {"user":"Admin","ip":"::1"} []
[2025-01-06T21:28:50.969132+00:00] e-mensa.WARNING: Failed login attempt - incorrect password. {"username":"admin2@emensa.example","ip":"::1"} []
[2025-01-06T21:28:54.653208+00:00] e-mensa.INFO: User logged in. {"user":"Admin","ip":"::1"} []
[2025-01-06T21:28:54.667980+00:00] e-mensa.INFO: Homepage accessed. {"ip":"::1"} []
[2025-01-07T15:51:02.763807+00:00] e-mensa.INFO: Homepage accessed. {"ip":"::1"} []
[2025-01-07T15:51:23.161152+00:00] e-mensa.INFO: Homepage accessed. {"ip":"::1"} []
[2025-01-07T15:51:28.341661+00:00] e-mensa.INFO: Homepage accessed. {"ip":"::1"} []
[2025-01-07T15:51:37.108867+00:00] e-mensa.INFO: User logged in. {"user":"Admin","ip":"::1"} []
[2025-01-07T15:51:37.132514+00:00] e-mensa.INFO: Homepage accessed. {"ip":"::1"} []
[2025-01-07T15:51:40.580136+00:00] e-mensa.INFO: User logged out. {"user":"Admin","ip":"::1"} []
[2025-01-07T15:51:47.298584+00:00] e-mensa.INFO: User logged in. {"user":"Admin","ip":"::1"} []
[2025-01-07T15:51:47.312806+00:00] e-mensa.INFO: Homepage accessed. {"ip":"::1"} []
[2025-01-07T15:51:50.111040+00:00] e-mensa.INFO: User logged out. {"user":"Admin","ip":"::1"} []
[2025-01-07T15:51:56.177570+00:00] e-mensa.WARNING: Failed login attempt. {"username":"admaawdadadin@emensa.example","ip":"::1"} []
[2025-01-07T15:52:01.381838+00:00] e-mensa.WARNING: Failed login attempt - incorrect password. {"username":"admin@emensa.example","ip":"::1"} []
[2025-01-07T15:52:05.538473+00:00] e-mensa.WARNING: Failed login attempt - incorrect password. {"username":"admin@emensa.example","ip":"::1"} []
[2025-01-07T15:52:09.159384+00:00] e-mensa.INFO: User logged in. {"user":"Admin","ip":"::1"} []
[2025-01-07T15:52:09.186683+00:00] e-mensa.INFO: Homepage accessed. {"ip":"::1"} []
[2025-01-07T15:52:15.452477+00:00] e-mensa.INFO: Homepage accessed. {"ip":"::1"} []
[2025-01-07T15:52:31.325975+00:00] e-mensa.INFO: Homepage accessed. {"ip":"::1"} []
[2025-01-07T15:52:33.297981+00:00] e-mensa.INFO: Homepage accessed. {"ip":"::1"} []
[2025-01-07T16:39:05.310685+00:00] e-mensa.INFO: Homepage accessed. {"ip":"::1"} []
[2025-01-07T16:39:25.727882+00:00] e-mensa.INFO: Homepage accessed. {"ip":"::1"} []
[2025-01-08T16:16:37.510286+00:00] e-mensa.INFO: Homepage accessed. {"ip":"::1"} []
[2025-01-08T16:16:56.369880+00:00] e-mensa.INFO: User logged in. {"user":"Admin","ip":"::1"} []
[2025-01-08T16:16:56.392375+00:00] e-mensa.INFO: Homepage accessed. {"ip":"::1"} []
[2025-01-08T16:16:59.837621+00:00] e-mensa.INFO: User logged out. {"user":"Admin","ip":"::1"} []
[2025-01-08T16:17:09.332604+00:00] e-mensa.INFO: User logged in. {"user":"Admin","ip":"::1"} []
[2025-01-08T16:17:09.358035+00:00] e-mensa.INFO: Homepage accessed. {"ip":"::1"} []
[2025-01-08T16:17:26.975563+00:00] e-mensa.INFO: Homepage accessed. {"ip":"::1"} []
[2025-01-08T16:21:09.743105+00:00] e-mensa.INFO: Homepage accessed. {"ip":"::1"} []
[2025-01-08T16:21:17.362818+00:00] e-mensa.INFO: Homepage accessed. {"ip":"::1"} []
[2025-01-08T16:21:29.787595+00:00] e-mensa.INFO: Homepage accessed. {"ip":"::1"} []
[2025-01-08T16:21:41.299617+00:00] e-mensa.INFO: User logged in. {"user":"Admin","ip":"::1"} []
[2025-01-08T16:21:41.313955+00:00] e-mensa.INFO: Homepage accessed. {"ip":"::1"} []
[2025-01-08T16:21:42.806719+00:00] e-mensa.INFO: User logged out. {"user":"Admin","ip":"::1"} []
[2025-01-08T16:21:43.833648+00:00] e-mensa.INFO: Homepage accessed. {"ip":"::1"} []
[2025-01-08T16:22:42.485685+00:00] e-mensa.INFO: Homepage accessed. {"ip":"::1"} []
[2025-01-08T16:23:56.354730+00:00] e-mensa.WARNING: Failed login attempt - incorrect password. {"username":"admin2@emensa.example","ip":"::1"} []
[2025-01-08T16:24:14.433283+00:00] e-mensa.INFO: User logged in. {"user":"Admin","ip":"::1"} []
[2025-01-08T16:24:14.448208+00:00] e-mensa.INFO: Homepage accessed. {"ip":"::1"} []
[2025-01-08T16:26:57.849611+00:00] e-mensa.INFO: Homepage accessed. {"ip":"::1"} []
[2025-01-08T16:27:04.833972+00:00] e-mensa.INFO: User logged out. {"user":"Admin","ip":"::1"} []
[2025-01-08T16:27:05.832615+00:00] e-mensa.INFO: Homepage accessed. {"ip":"::1"} []
[2025-01-08T16:27:19.000555+00:00] e-mensa.INFO: User logged in. {"user":"Admin","ip":"::1"} []
[2025-01-08T16:27:19.015189+00:00] e-mensa.INFO: Homepage accessed. {"ip":"::1"} []
[2025-01-08T16:27:22.460314+00:00] e-mensa.INFO: User logged out. {"user":"Admin","ip":"::1"} []
[2025-01-08T16:27:23.439439+00:00] e-mensa.INFO: Homepage accessed. {"ip":"::1"} []
[2025-01-08T16:31:36.153820+00:00] e-mensa.WARNING: Failed login attempt. {"username":"admin@emensa.exampleaa","ip":"::1"} []
[2025-01-08T16:31:48.802188+00:00] e-mensa.WARNING: Failed login attempt - incorrect password. {"username":"admin@emensa.example","ip":"::1"} []
[2025-01-08T16:32:41.191328+00:00] e-mensa.WARNING: Failed login attempt - username not found  {"username":"admin@emensa.exampleaa","ip":"::1"} []
[2025-01-08T16:32:49.951700+00:00] e-mensa.WARNING: Failed login attempt - incorrect password. {"username":"admin@emensa.example","ip":"::1"} []
[2025-01-08T16:36:18.767898+00:00] e-mensa.INFO: User logged in. {"user":"Admin","ip":"::1"} []
[2025-01-08T16:36:18.799628+00:00] e-mensa.INFO: Homepage accessed. {"ip":"::1"} []
[2025-01-08T16:40:15.371408+00:00] e-mensa.INFO: Homepage accessed. {"ip":"::1"} []
[2025-01-08T16:40:19.190685+00:00] e-mensa.INFO: User logged out. {"user":"Admin","ip":"::1"} []
[2025-01-08T16:40:20.069096+00:00] e-mensa.INFO: Homepage accessed. {"ip":"::1"} []
[2025-01-08T16:41:16.881144+00:00] e-mensa.INFO: Homepage accessed. {"ip":"::1"} []
[2025-01-08T16:41:27.559534+00:00] e-mensa.INFO: User logged in. {"user":"Admin","ip":"::1"} []
[2025-01-08T16:41:27.586687+00:00] e-mensa.INFO: Homepage accessed. {"ip":"::1"} []
[2025-01-08T16:41:34.018063+00:00] e-mensa.INFO: Homepage accessed. {"ip":"::1"} []
[2025-01-08T17:32:46.959737+00:00] e-mensa.INFO: Homepage accessed. {"ip":"::1"} []
[2025-01-08T17:32:47.716967+00:00] e-mensa.INFO: Homepage accessed. {"ip":"::1"} []
[2025-01-08T17:32:47.899277+00:00] e-mensa.INFO: Homepage accessed. {"ip":"::1"} []
[2025-01-08T17:32:48.063109+00:00] e-mensa.INFO: Homepage accessed. {"ip":"::1"} []
[2025-01-08T17:32:48.222299+00:00] e-mensa.INFO: Homepage accessed. {"ip":"::1"} []
[2025-01-08T17:32:49.109285+00:00] e-mensa.INFO: User logged out. {"user":"Admin","ip":"::1"} []
[2025-01-08T17:32:49.820103+00:00] e-mensa.INFO: Homepage accessed. {"ip":"::1"} []
[2025-01-08T17:32:54.740097+00:00] e-mensa.INFO: User logged in. {"user":"Admin","ip":"::1"} []
[2025-01-08T17:32:54.767564+00:00] e-mensa.INFO: Homepage accessed. {"ip":"::1"} []
[2025-01-08T17:32:57.072714+00:00] e-mensa.INFO: User logged out. {"user":"Admin","ip":"::1"} []
[2025-01-08T17:32:58.621382+00:00] e-mensa.INFO: Homepage accessed. {"ip":"::1"} []
[2025-01-08T17:33:03.196908+00:00] e-mensa.INFO: Homepage accessed. {"ip":"::1"} []
[2025-01-08T17:33:07.780700+00:00] e-mensa.INFO: Homepage accessed. {"ip":"::1"} []
[2025-01-08T23:50:58.938333+00:00] e-mensa.INFO: Homepage accessed. {"ip":"::1"} []
[2025-01-08T23:51:03.239133+00:00] e-mensa.INFO: Homepage accessed. {"ip":"::1"} []
[2025-01-08T23:52:40.714522+00:00] e-mensa.INFO: Homepage accessed. {"ip":"::1"} []
[2025-01-08T23:52:45.121989+00:00] e-mensa.INFO: Homepage accessed. {"ip":"::1"} []
[2025-01-08T23:53:45.685621+00:00] e-mensa.INFO: Homepage accessed. {"ip":"::1"} []
[2025-01-08T23:54:02.239505+00:00] e-mensa.INFO: Homepage accessed. {"ip":"::1"} []
[2025-01-09T00:05:13.703554+00:00] e-mensa.INFO: Homepage accessed. {"ip":"::1"} []
[2025-01-09T00:05:16.879708+00:00] e-mensa.INFO: Homepage accessed. {"ip":"::1"} []
[2025-01-09T00:05:22.761201+00:00] e-mensa.INFO: Homepage accessed. {"ip":"::1"} []
[2025-01-09T00:05:25.868967+00:00] e-mensa.INFO: Homepage accessed. {"ip":"::1"} []
[2025-01-09T00:05:33.515142+00:00] e-mensa.INFO: Homepage accessed. {"ip":"::1"} []
[2025-01-09T10:13:17.934419+00:00] e-mensa.INFO: Homepage accessed. {"ip":"::1"} []
[2025-01-09T10:13:30.604761+00:00] e-mensa.INFO: Homepage accessed. {"ip":"::1"} []
[2025-01-09T10:36:07.948227+00:00] e-mensa.INFO: Homepage accessed. {"ip":"::1"} []
[2025-01-09T10:36:17.296109+00:00] e-mensa.INFO: User logged in. {"user":"Admin","ip":"::1"} []
[2025-01-09T10:36:17.365340+00:00] e-mensa.INFO: Homepage accessed. {"ip":"::1"} []
[2025-01-09T10:36:48.421633+00:00] e-mensa.INFO: Homepage accessed. {"ip":"::1"} []
[2025-01-09T10:36:57.205005+00:00] e-mensa.INFO: Homepage accessed. {"ip":"::1"} []
[2025-01-09T10:37:11.463543+00:00] e-mensa.INFO: Homepage accessed. {"ip":"::1"} []
[2025-01-09T10:37:16.430302+00:00] e-mensa.INFO: Homepage accessed. {"ip":"::1"} []
[2025-01-09T10:37:26.109372+00:00] e-mensa.INFO: Homepage accessed. {"ip":"::1"} []
[2025-01-09T10:37:32.871761+00:00] e-mensa.INFO: Homepage accessed. {"ip":"::1"} []
[2025-01-09T10:39:20.298729+00:00] e-mensa.INFO: Homepage accessed. {"ip":"::1"} []
[2025-01-09T10:39:38.113991+00:00] e-mensa.INFO: Homepage accessed. {"ip":"::1"} []
[2025-01-09T10:39:39.859840+00:00] e-mensa.INFO: Homepage accessed. {"ip":"::1"} []
[2025-01-09T10:39:43.289130+00:00] e-mensa.INFO: Homepage accessed. {"ip":"::1"} []
[2025-01-09T10:39:46.214769+00:00] e-mensa.INFO: Homepage accessed. {"ip":"::1"} []
[2025-01-09T10:39:50.040508+00:00] e-mensa.INFO: Homepage accessed. {"ip":"::1"} []
[2025-01-09T10:39:52.415456+00:00] e-mensa.INFO: Homepage accessed. {"ip":"::1"} []
[2025-01-09T10:40:36.717411+00:00] e-mensa.INFO: Homepage accessed. {"ip":"::1"} []
[2025-01-09T10:40:39.281830+00:00] e-mensa.INFO: Homepage accessed. {"ip":"::1"} []
[2025-01-09T10:40:45.447372+00:00] e-mensa.INFO: Homepage accessed. {"ip":"::1"} []
[2025-01-09T10:40:47.429664+00:00] e-mensa.INFO: User logged out. {"user":"Admin","ip":"::1"} []
[2025-01-09T10:40:53.880118+00:00] e-mensa.INFO: Homepage accessed. {"ip":"::1"} []
[2025-01-09T10:40:58.353495+00:00] e-mensa.INFO: User logged in. {"user":"Admin","ip":"::1"} []
[2025-01-09T10:40:58.371990+00:00] e-mensa.INFO: Homepage accessed. {"ip":"::1"} []
[2025-01-09T10:41:00.846830+00:00] e-mensa.INFO: User logged out. {"user":"Admin","ip":"::1"} []
[2025-01-09T10:41:12.407267+00:00] e-mensa.INFO: User logged in. {"user":"Admin","ip":"::1"} []
[2025-01-09T10:41:12.425029+00:00] e-mensa.INFO: Homepage accessed. {"ip":"::1"} []
[2025-01-09T10:41:22.910475+00:00] e-mensa.INFO: User logged out. {"user":"Admin","ip":"::1"} []
[2025-01-09T10:41:42.757959+00:00] e-mensa.INFO: User logged in. {"user":"Student","ip":"::1"} []
[2025-01-09T10:41:42.792991+00:00] e-mensa.INFO: Homepage accessed. {"ip":"::1"} []
[2025-01-09T10:41:48.442492+00:00] e-mensa.INFO: User logged out. {"user":"Student","ip":"::1"} []
[2025-01-09T10:41:50.265353+00:00] e-mensa.INFO: Homepage accessed. {"ip":"::1"} []
[2025-01-09T10:43:40.048283+00:00] e-mensa.INFO: Homepage accessed. {"ip":"::1"} []
[2025-01-09T10:43:42.162450+00:00] e-mensa.INFO: Homepage accessed. {"ip":"::1"} []
[2025-01-09T10:45:18.534167+00:00] e-mensa.INFO: Homepage accessed. {"ip":"::1"} []
[2025-01-09T10:45:23.118158+00:00] e-mensa.INFO: User logged in. {"user":"Admin","ip":"::1"} []
[2025-01-09T10:45:23.135743+00:00] e-mensa.INFO: Homepage accessed. {"ip":"::1"} []
[2025-01-09T11:03:54.104687+00:00] e-mensa.INFO: Homepage accessed. {"ip":"::1"} []
[2025-01-09T11:03:56.031687+00:00] e-mensa.INFO: User logged out. {"user":"Admin","ip":"::1"} []
[2025-01-09T11:03:57.020683+00:00] e-mensa.INFO: Homepage accessed. {"ip":"::1"} []
[2025-01-09T11:04:51.600256+00:00] e-mensa.INFO: User logged in. {"user":"Student","ip":"::1"} []
[2025-01-09T11:04:51.617353+00:00] e-mensa.INFO: Homepage accessed. {"ip":"::1"} []
[2025-01-09T11:04:55.651783+00:00] e-mensa.INFO: User logged out. {"user":"Student","ip":"::1"} []
[2025-01-09T11:04:56.990334+00:00] e-mensa.INFO: Homepage accessed. {"ip":"::1"} []
[2025-01-09T11:05:29.432765+00:00] e-mensa.INFO: User logged in. {"user":"Admin","ip":"::1"} []
[2025-01-09T11:05:29.449824+00:00] e-mensa.INFO: Homepage accessed. {"ip":"::1"} []
[2025-01-09T11:09:45.290145+00:00] e-mensa.INFO: Homepage accessed. {"ip":"::1"} []
[2025-01-09T11:09:59.264784+00:00] e-mensa.INFO: Homepage accessed. {"ip":"::1"} []
[2025-01-09T11:09:59.454936+00:00] e-mensa.INFO: Homepage accessed. {"ip":"::1"} []
[2025-01-09T11:10:01.938730+00:00] e-mensa.INFO: User logged out. {"user":"Admin","ip":"::1"} []
[2025-01-09T11:10:07.165359+00:00] e-mensa.INFO: User logged in. {"user":"Admin","ip":"::1"} []
[2025-01-09T11:10:07.186977+00:00] e-mensa.INFO: Homepage accessed. {"ip":"::1"} []
[2025-01-09T11:10:08.856392+00:00] e-mensa.INFO: User logged out. {"user":"Admin","ip":"::1"} []
[2025-01-09T11:10:13.999796+00:00] e-mensa.INFO: Homepage accessed. {"ip":"::1"} []
[2025-01-09T11:10:48.931445+00:00] e-mensa.INFO: User logged in. {"user":"Admin","ip":"::1"} []
[2025-01-09T11:10:48.951053+00:00] e-mensa.INFO: Homepage accessed. {"ip":"::1"} []
[2025-01-09T11:10:51.059354+00:00] e-mensa.INFO: User logged out. {"user":"Admin","ip":"::1"} []
[2025-01-09T11:10:58.321521+00:00] e-mensa.INFO: User logged in. {"user":"Admin","ip":"::1"} []
[2025-01-09T11:10:58.344277+00:00] e-mensa.INFO: Homepage accessed. {"ip":"::1"} []
[2025-01-09T11:11:02.892415+00:00] e-mensa.INFO: User logged out. {"user":"Admin","ip":"::1"} []
[2025-01-09T11:11:08.047697+00:00] e-mensa.INFO: Homepage accessed. {"ip":"::1"} []
[2025-01-09T11:13:26.454875+00:00] e-mensa.INFO: Homepage accessed. {"ip":"::1"} []
[2025-01-09T11:31:48.436652+00:00] e-mensa.INFO: Homepage accessed. {"ip":"::1"} []
[2025-01-09T11:34:13.530498+00:00] e-mensa.INFO: Homepage accessed. {"ip":"::1"} []
[2025-01-09T11:34:17.453105+00:00] e-mensa.INFO: Homepage accessed. {"ip":"::1"} []
[2025-01-09T11:35:02.395969+00:00] e-mensa.WARNING: Failed login attempt - incorrect password. {"username":"admin2@emensa.example","ip":"::1"} []
[2025-01-09T15:46:30.725829+00:00] e-mensa.INFO: Homepage accessed. {"ip":"::1"} []
[2025-01-09T15:46:37.601218+00:00] e-mensa.INFO: User logged in. {"user":"Admin","ip":"::1"} []
[2025-01-09T15:46:37.644534+00:00] e-mensa.INFO: Homepage accessed. {"ip":"::1"} []
[2025-01-09T15:46:54.591773+00:00] e-mensa.INFO: User logged out. {"user":"Admin","ip":"::1"} []
[2025-01-09T15:46:59.676054+00:00] e-mensa.INFO: Homepage accessed. {"ip":"::1"} []
[2025-01-09T15:49:28.607569+00:00] e-mensa.INFO: Homepage accessed. {"ip":"::1"} []
[2025-01-09T15:49:36.786832+00:00] e-mensa.INFO: Homepage accessed. {"ip":"::1"} []
[2025-01-09T15:49:41.646921+00:00] e-mensa.INFO: User logged in. {"user":"Admin","ip":"::1"} []
[2025-01-09T15:49:41.663745+00:00] e-mensa.INFO: Homepage accessed. {"ip":"::1"} []
[2025-01-09T15:54:10.834105+00:00] e-mensa.INFO: Homepage accessed. {"ip":"::1"} []
[2025-01-09T15:54:13.847353+00:00] e-mensa.INFO: Homepage accessed. {"ip":"::1"} []
[2025-01-09T15:54:32.780201+00:00] e-mensa.INFO: Homepage accessed. {"ip":"::1"} []
[2025-01-09T15:54:37.587081+00:00] e-mensa.INFO: User logged in. {"user":"Admin","ip":"::1"} []
[2025-01-09T15:55:42.673066+00:00] e-mensa.INFO: Homepage accessed. {"ip":"::1"} []
[2025-01-09T15:55:46.274109+00:00] e-mensa.INFO: User logged in. {"user":"Admin","ip":"::1"} []
[2025-01-09T15:55:57.696024+00:00] e-mensa.INFO: Homepage accessed. {"ip":"::1"} []
[2025-01-09T15:56:04.410505+00:00] e-mensa.INFO: User logged in. {"user":"Admin","ip":"::1"} []
[2025-01-09T15:56:04.424666+00:00] e-mensa.INFO: Homepage accessed. {"ip":"::1"} []
[2025-01-09T15:56:22.466730+00:00] e-mensa.INFO: User logged in. {"user":"Admin","ip":"::1"} []
[2025-01-09T15:56:22.479945+00:00] e-mensa.INFO: Homepage accessed. {"ip":"::1"} []
[2025-01-09T15:56:27.397888+00:00] e-mensa.INFO: User logged out. {"user":"Admin","ip":"::1"} []
[2025-01-09T15:56:29.188913+00:00] e-mensa.INFO: Homepage accessed. {"ip":"::1"} []
[2025-01-09T15:56:32.995494+00:00] e-mensa.INFO: User logged in. {"user":"Admin","ip":"::1"} []
[2025-01-09T15:56:33.015622+00:00] e-mensa.INFO: Homepage accessed. {"ip":"::1"} []
[2025-01-09T15:56:36.811674+00:00] e-mensa.INFO: Homepage accessed. {"ip":"::1"} []
[2025-01-09T15:56:37.250895+00:00] e-mensa.INFO: Homepage accessed. {"ip":"::1"} []
[2025-01-09T15:56:57.972584+00:00] e-mensa.INFO: Homepage accessed. {"ip":"::1"} []
[2025-01-09T15:57:14.918398+00:00] e-mensa.INFO: Homepage accessed. {"ip":"::1"} []
[2025-01-09T15:57:18.965087+00:00] e-mensa.INFO: User logged in. {"user":"Admin","ip":"::1"} []
[2025-01-09T15:57:18.999100+00:00] e-mensa.INFO: Homepage accessed. {"ip":"::1"} []
[2025-01-09T15:57:32.891081+00:00] e-mensa.INFO: Homepage accessed. {"ip":"::1"} []
[2025-01-09T15:57:40.104949+00:00] e-mensa.INFO: User logged out. {"user":"Admin","ip":"::1"} []
[2025-01-09T15:57:45.155925+00:00] e-mensa.INFO: Homepage accessed. {"ip":"::1"} []
[2025-01-09T15:58:03.154952+00:00] e-mensa.INFO: Homepage accessed. {"ip":"::1"} []
[2025-01-09T15:58:08.398257+00:00] e-mensa.WARNING: Failed login attempt - incorrect password. {"username":"admin2@emensa.example","ip":"::1"} []
[2025-01-09T15:58:12.784341+00:00] e-mensa.INFO: User logged in. {"user":"Admin","ip":"::1"} []
[2025-01-09T15:58:12.801996+00:00] e-mensa.INFO: Homepage accessed. {"ip":"::1"} []
[2025-01-09T15:58:17.008247+00:00] e-mensa.INFO: Homepage accessed. {"ip":"::1"} []
[2025-01-09T15:58:25.370279+00:00] e-mensa.INFO: User logged out. {"user":"Admin","ip":"::1"} []
[2025-01-09T15:58:27.465558+00:00] e-mensa.INFO: Homepage accessed. {"ip":"::1"} []
[2025-01-09T21:29:06.019651+00:00] e-mensa.INFO: Homepage accessed. {"ip":"::1"} []
[2025-01-09T21:29:10.741078+00:00] e-mensa.INFO: User logged in. {"user":"Admin","ip":"::1"} []
[2025-01-09T21:29:10.766602+00:00] e-mensa.INFO: Homepage accessed. {"ip":"::1"} []
[2025-01-09T21:32:39.311313+00:00] e-mensa.INFO: Homepage accessed. {"ip":"::1"} []
[2025-01-09T21:32:43.157097+00:00] e-mensa.INFO: User logged in. {"user":"Admin","ip":"::1"} []
[2025-01-09T21:32:43.172205+00:00] e-mensa.INFO: Homepage accessed. {"ip":"::1"} []
[2025-01-09T21:48:08.987321+00:00] e-mensa.INFO: Homepage accessed. {"ip":"::1"} []
[2025-01-09T21:48:13.067982+00:00] e-mensa.INFO: User logged in. {"user":"Admin","ip":"::1"} []
[2025-01-09T21:48:13.082798+00:00] e-mensa.INFO: Homepage accessed. {"ip":"::1"} []
[2025-01-09T21:49:13.033638+00:00] e-mensa.INFO: Homepage accessed. {"ip":"::1"} []
[2025-01-09T21:49:17.218169+00:00] e-mensa.INFO: User logged in. {"user":"Admin","ip":"::1"} []
[2025-01-09T21:49:17.232945+00:00] e-mensa.INFO: Homepage accessed. {"ip":"::1"} []
[2025-01-09T21:49:23.526170+00:00] e-mensa.INFO: User logged in. {"user":"Admin","ip":"::1"} []
[2025-01-09T21:49:23.543704+00:00] e-mensa.INFO: Homepage accessed. {"ip":"::1"} []
[2025-01-09T21:49:34.803794+00:00] e-mensa.INFO: User logged in. {"user":"Admin","ip":"::1"} []
[2025-01-09T21:49:34.817239+00:00] e-mensa.INFO: Homepage accessed. {"ip":"::1"} []
[2025-01-09T21:51:07.671100+00:00] e-mensa.INFO: User logged in. {"user":"Admin","ip":"::1"} []
[2025-01-09T21:51:07.687456+00:00] e-mensa.INFO: Homepage accessed. {"ip":"::1"} []
[2025-01-09T21:51:11.093961+00:00] e-mensa.INFO: Homepage accessed. {"ip":"::1"} []
[2025-01-09T21:51:20.976034+00:00] e-mensa.INFO: Homepage accessed. {"ip":"::1"} []
[2025-01-09T21:51:23.483003+00:00] e-mensa.INFO: Homepage accessed. {"ip":"::1"} []
[2025-01-09T21:55:53.721076+00:00] e-mensa.INFO: Homepage accessed. {"ip":"::1"} []
[2025-01-09T21:55:58.401826+00:00] e-mensa.INFO: User logged in. {"user":"Admin","ip":"::1"} []
[2025-01-09T21:55:58.417188+00:00] e-mensa.INFO: Homepage accessed. {"ip":"::1"} []
[2025-01-09T21:56:33.055055+00:00] e-mensa.INFO: Homepage accessed. {"ip":"::1"} []
[2025-01-09T21:56:34.286464+00:00] e-mensa.INFO: User logged out. {"user":"Admin","ip":"::1"} []
[2025-01-09T21:56:39.368423+00:00] e-mensa.INFO: Homepage accessed. {"ip":"::1"} []
[2025-01-09T21:56:40.855602+00:00] e-mensa.INFO: Homepage accessed. {"ip":"::1"} []
[2025-01-09T21:56:48.102363+00:00] e-mensa.INFO: User logged in. {"user":"Admin","ip":"::1"} []
[2025-01-09T21:56:48.132438+00:00] e-mensa.INFO: Homepage accessed. {"ip":"::1"} []
[2025-01-09T21:58:58.351147+00:00] e-mensa.INFO: User logged in. {"user":"Admin","ip":"::1"} []
[2025-01-09T21:58:58.366145+00:00] e-mensa.INFO: Homepage accessed. {"ip":"::1"} []
[2025-01-09T21:59:50.463100+00:00] e-mensa.INFO: User logged in. {"user":"Admin","ip":"::1"} []
[2025-01-09T21:59:50.477389+00:00] e-mensa.INFO: Homepage accessed. {"ip":"::1"} []
[2025-01-09T22:00:15.280108+00:00] e-mensa.INFO: User logged in. {"user":"Admin","ip":"::1"} []
[2025-01-09T22:00:15.294050+00:00] e-mensa.INFO: Homepage accessed. {"ip":"::1"} []
[2025-01-09T22:13:36.110780+00:00] e-mensa.INFO: Homepage accessed. {"ip":"::1"} []
[2025-01-09T22:13:40.152921+00:00] e-mensa.INFO: User logged in. {"user":"Admin","ip":"::1"} []
[2025-01-09T22:13:40.180383+00:00] e-mensa.INFO: Homepage accessed. {"ip":"::1"} []
[2025-01-09T22:14:33.988326+00:00] e-mensa.INFO: Homepage accessed. {"ip":"::1"} []
[2025-01-09T22:14:38.359558+00:00] e-mensa.INFO: User logged in. {"user":"Admin","ip":"::1"} []
[2025-01-09T22:14:38.399114+00:00] e-mensa.INFO: Homepage accessed. {"ip":"::1"} []
[2025-01-09T22:35:47.023523+00:00] e-mensa.INFO: Homepage accessed. {"ip":"::1"} []
[2025-01-09T22:35:51.065794+00:00] e-mensa.INFO: User logged in. {"user":"Admin","ip":"::1"} []
[2025-01-09T22:35:51.081135+00:00] e-mensa.INFO: Homepage accessed. {"ip":"::1"} []
[2025-01-09T22:42:33.143387+00:00] e-mensa.INFO: Homepage accessed. {"ip":"::1"} []
[2025-01-09T22:42:37.197686+00:00] e-mensa.INFO: User logged in. {"user":"Admin","ip":"::1"} []
[2025-01-09T22:42:37.213104+00:00] e-mensa.INFO: Homepage accessed. {"ip":"::1"} []
[2025-01-09T22:43:47.893363+00:00] e-mensa.INFO: Homepage accessed. {"ip":"::1"} []
[2025-01-09T22:43:51.489429+00:00] e-mensa.INFO: User logged in. {"user":"Admin","ip":"::1"} []
[2025-01-09T22:43:51.516184+00:00] e-mensa.INFO: Homepage accessed. {"ip":"::1"} []
[2025-01-09T22:45:13.497060+00:00] e-mensa.INFO: Homepage accessed. {"ip":"::1"} []
[2025-01-09T22:45:20.057454+00:00] e-mensa.INFO: Homepage accessed. {"ip":"::1"} []
[2025-01-09T22:59:20.624478+00:00] e-mensa.INFO: Homepage accessed. {"ip":"::1"} []
[2025-01-09T22:59:24.970300+00:00] e-mensa.INFO: User logged in. {"user":"Admin","ip":"::1"} []
[2025-01-09T22:59:24.985654+00:00] e-mensa.INFO: Homepage accessed. {"ip":"::1"} []
[2025-01-09T23:01:14.941638+00:00] e-mensa.INFO: Homepage accessed. {"ip":"::1"} []
[2025-01-09T23:01:18.826170+00:00] e-mensa.INFO: User logged in. {"user":"Admin","ip":"::1"} []
[2025-01-09T23:01:18.858195+00:00] e-mensa.INFO: Homepage accessed. {"ip":"::1"} []
[2025-01-09T23:05:47.990326+00:00] e-mensa.INFO: Homepage accessed. {"ip":"::1"} []
[2025-01-09T23:05:52.292035+00:00] e-mensa.INFO: User logged in. {"user":"Admin","ip":"::1"} []
[2025-01-09T23:05:52.306203+00:00] e-mensa.INFO: Homepage accessed. {"ip":"::1"} []
[2025-01-09T23:11:32.805879+00:00] e-mensa.INFO: Homepage accessed. {"ip":"::1"} []
[2025-01-09T23:11:37.041055+00:00] e-mensa.INFO: User logged in. {"user":"Admin","ip":"::1"} []
[2025-01-09T23:11:37.054741+00:00] e-mensa.INFO: Homepage accessed. {"ip":"::1"} []
[2025-01-09T23:13:14.143864+00:00] e-mensa.INFO: User logged out. {"user":"Admin","ip":"::1"} []
[2025-01-09T23:13:18.127425+00:00] e-mensa.INFO: User logged in. {"user":"Admin","ip":"::1"} []
[2025-01-09T23:13:18.145983+00:00] e-mensa.INFO: Homepage accessed. {"ip":"::1"} []
[2025-01-09T23:14:01.147631+00:00] e-mensa.INFO: Homepage accessed. {"ip":"::1"} []
[2025-01-09T23:14:04.867889+00:00] e-mensa.INFO: User logged in. {"user":"Admin","ip":"::1"} []
[2025-01-09T23:14:04.881412+00:00] e-mensa.INFO: Homepage accessed. {"ip":"::1"} []
[2025-01-09T23:21:11.923062+00:00] e-mensa.INFO: Homepage accessed. {"ip":"::1"} []
[2025-01-09T23:21:16.114204+00:00] e-mensa.INFO: User logged in. {"user":"Admin","ip":"::1"} []
[2025-01-09T23:21:16.132892+00:00] e-mensa.INFO: Homepage accessed. {"ip":"::1"} []
[2025-01-10T11:03:23.718744+00:00] e-mensa.INFO: Homepage accessed. {"ip":"::1"} []
[2025-01-10T11:03:30.243487+00:00] e-mensa.INFO: User logged in. {"user":"Admin","ip":"::1"} []
[2025-01-10T11:03:30.301023+00:00] e-mensa.INFO: Homepage accessed. {"ip":"::1"} []
[2025-01-12T12:55:40.084370+00:00] e-mensa.INFO: Homepage accessed. {"ip":"::1"} []
[2025-01-12T12:55:46.801479+00:00] e-mensa.INFO: Homepage accessed. {"ip":"::1"} []
[2025-01-12T12:55:51.999327+00:00] e-mensa.INFO: Homepage accessed. {"ip":"::1"} []
[2025-01-12T13:00:49.653212+00:00] e-mensa.INFO: User logged in. {"user":"Admin","ip":"::1"} []
[2025-01-12T13:00:49.701618+00:00] e-mensa.INFO: Homepage accessed. {"ip":"::1"} []
[2025-01-12T13:00:49.998865+00:00] e-mensa.INFO: User logged in. {"user":"Admin","ip":"::1"} []
[2025-01-12T13:00:50.024639+00:00] e-mensa.INFO: Homepage accessed. {"ip":"::1"} []
[2025-01-12T13:13:21.757466+00:00] e-mensa.INFO: Homepage accessed. {"ip":"::1"} []
[2025-01-12T13:13:25.931870+00:00] e-mensa.INFO: User logged in. {"user":"Admin","ip":"::1"} []
[2025-01-12T13:13:25.969826+00:00] e-mensa.INFO: Homepage accessed. {"ip":"::1"} []
[2025-01-12T13:13:31.651480+00:00] e-mensa.INFO: Homepage accessed. {"ip":"::1"} []
[2025-01-12T13:18:34.026208+00:00] e-mensa.INFO: Homepage accessed. {"ip":"::1"} []
[2025-01-12T13:18:39.165998+00:00] e-mensa.INFO: Homepage accessed. {"ip":"::1"} []
[2025-01-12T13:20:27.009852+00:00] e-mensa.INFO: Homepage accessed. {"ip":"::1"} []
[2025-01-12T13:24:36.192144+00:00] e-mensa.INFO: Homepage accessed. {"ip":"::1"} []
[2025-01-12T13:28:48.419326+00:00] e-mensa.INFO: Homepage accessed. {"ip":"::1"} []
[2025-01-12T13:28:55.089143+00:00] e-mensa.INFO: User logged in. {"user":"Admin","ip":"::1"} []
[2025-01-12T13:28:55.104384+00:00] e-mensa.INFO: Homepage accessed. {"ip":"::1"} []
[2025-01-12T13:28:59.500237+00:00] e-mensa.INFO: Homepage accessed. {"ip":"::1"} []
[2025-01-12T13:29:26.900572+00:00] e-mensa.INFO: Homepage accessed. {"ip":"::1"} []
[2025-01-12T13:29:29.140758+00:00] e-mensa.INFO: User logged out. {"user":"Admin","ip":"::1"} []
[2025-01-12T13:29:33.273213+00:00] e-mensa.INFO: Homepage accessed. {"ip":"::1"} []
[2025-01-12T13:29:39.190347+00:00] e-mensa.INFO: User logged in. {"user":"Admin","ip":"::1"} []
[2025-01-12T13:29:39.211863+00:00] e-mensa.INFO: Homepage accessed. {"ip":"::1"} []
[2025-01-12T13:29:54.071510+00:00] e-mensa.INFO: Homepage accessed. {"ip":"::1"} []
[2025-01-12T13:29:55.628505+00:00] e-mensa.INFO: Homepage accessed. {"ip":"::1"} []
[2025-01-12T13:35:08.716803+00:00] e-mensa.INFO: User logged in. {"user":"Admin","ip":"::1"} []
[2025-01-12T13:35:08.731351+00:00] e-mensa.INFO: Homepage accessed. {"ip":"::1"} []
[2025-01-12T13:35:22.010051+00:00] e-mensa.INFO: User logged out. {"user":"Admin","ip":"::1"} []
[2025-01-12T13:46:12.143435+00:00] e-mensa.INFO: Homepage accessed. {"ip":"::1"} []
[2025-01-12T13:46:17.007753+00:00] e-mensa.INFO: User logged in. {"user":"Admin","ip":"::1"} []
[2025-01-12T13:46:17.024612+00:00] e-mensa.INFO: Homepage accessed. {"ip":"::1"} []
[2025-01-12T14:02:00.780247+00:00] e-mensa.INFO: Homepage accessed. {"ip":"::1"} []
[2025-01-12T14:02:05.374987+00:00] e-mensa.INFO: User logged in. {"user":"Admin","ip":"::1"} []
[2025-01-12T14:02:05.406680+00:00] e-mensa.INFO: Homepage accessed. {"ip":"::1"} []
[2025-01-12T14:14:00.070214+00:00] e-mensa.INFO: Homepage accessed. {"ip":"::1"} []
[2025-01-12T14:21:28.263414+00:00] e-mensa.INFO: Homepage accessed. {"ip":"::1"} []
[2025-01-12T14:21:41.141266+00:00] e-mensa.INFO: User logged in. {"user":"Admin","ip":"::1"} []
[2025-01-12T14:21:41.167452+00:00] e-mensa.INFO: Homepage accessed. {"ip":"::1"} []
[2025-01-12T14:28:39.909533+00:00] e-mensa.INFO: Homepage accessed. {"ip":"::1"} []
[2025-01-12T14:29:44.564419+00:00] e-mensa.INFO: Homepage accessed. {"ip":"::1"} []
[2025-01-12T14:29:54.868001+00:00] e-mensa.INFO: User logged in. {"user":"Admin","ip":"::1"} []
[2025-01-12T14:29:54.899068+00:00] e-mensa.INFO: Homepage accessed. {"ip":"::1"} []
[2025-01-12T14:30:00.188077+00:00] e-mensa.INFO: Homepage accessed. {"ip":"::1"} []
[2025-01-12T14:30:06.251983+00:00] e-mensa.INFO: User logged in. {"user":"Admin","ip":"::1"} []
[2025-01-12T14:30:06.267308+00:00] e-mensa.INFO: Homepage accessed. {"ip":"::1"} []
[2025-01-12T14:30:15.599550+00:00] e-mensa.INFO: Homepage accessed. {"ip":"::1"} []
[2025-01-12T14:30:19.505515+00:00] e-mensa.INFO: User logged in. {"user":"Admin","ip":"::1"} []
[2025-01-12T14:30:19.520849+00:00] e-mensa.INFO: Homepage accessed. {"ip":"::1"} []
[2025-01-12T14:31:04.130295+00:00] e-mensa.INFO: Homepage accessed. {"ip":"::1"} []
[2025-01-12T14:33:14.038737+00:00] e-mensa.INFO: Homepage accessed. {"ip":"::1"} []
[2025-01-12T14:33:20.301642+00:00] e-mensa.INFO: User logged in. {"user":"Admin","ip":"::1"} []
[2025-01-12T14:33:20.315951+00:00] e-mensa.INFO: Homepage accessed. {"ip":"::1"} []
[2025-01-12T14:33:24.091764+00:00] e-mensa.INFO: Homepage accessed. {"ip":"::1"} []
[2025-01-12T14:33:29.656193+00:00] e-mensa.INFO: User logged in. {"user":"Admin","ip":"::1"} []
[2025-01-12T14:33:29.670865+00:00] e-mensa.INFO: Homepage accessed. {"ip":"::1"} []
[2025-01-12T14:34:03.352647+00:00] e-mensa.INFO: Homepage accessed. {"ip":"::1"} []
[2025-01-12T14:34:05.930179+00:00] e-mensa.INFO: Homepage accessed. {"ip":"::1"} []
[2025-01-12T14:34:54.629467+00:00] e-mensa.INFO: Homepage accessed. {"ip":"::1"} []
[2025-01-12T14:34:59.158807+00:00] e-mensa.INFO: User logged in. {"user":"Admin","ip":"::1"} []
[2025-01-12T14:34:59.192360+00:00] e-mensa.INFO: Homepage accessed. {"ip":"::1"} []
[2025-01-12T14:35:03.087215+00:00] e-mensa.INFO: Homepage accessed. {"ip":"::1"} []
[2025-01-12T14:43:08.811882+00:00] e-mensa.INFO: Homepage accessed. {"ip":"::1"} []
[2025-01-12T14:43:14.155038+00:00] e-mensa.INFO: User logged in. {"user":"Admin","ip":"::1"} []
[2025-01-12T14:43:14.182147+00:00] e-mensa.INFO: Homepage accessed. {"ip":"::1"} []
[2025-01-12T14:43:34.887683+00:00] e-mensa.INFO: Homepage accessed. {"ip":"::1"} []
[2025-01-12T14:54:02.042529+00:00] e-mensa.INFO: Homepage accessed. {"ip":"::1"} []
[2025-01-12T14:54:06.998189+00:00] e-mensa.INFO: User logged in. {"user":"Admin","ip":"::1"} []
[2025-01-12T14:54:07.012858+00:00] e-mensa.INFO: Homepage accessed. {"ip":"::1"} []
[2025-01-12T14:54:12.728749+00:00] e-mensa.INFO: Homepage accessed. {"ip":"::1"} []
[2025-01-12T14:54:16.894694+00:00] e-mensa.INFO: Homepage accessed. {"ip":"::1"} []
[2025-01-12T14:55:35.864196+00:00] e-mensa.INFO: User logged in. {"user":"Admin","ip":"::1"} []
[2025-01-12T14:55:35.879480+00:00] e-mensa.INFO: Homepage accessed. {"ip":"::1"} []
[2025-01-12T14:55:50.311844+00:00] e-mensa.INFO: Homepage accessed. {"ip":"::1"} []
[2025-01-12T14:58:27.146262+00:00] e-mensa.INFO: User logged in. {"user":"Admin","ip":"::1"} []
[2025-01-12T14:58:27.179801+00:00] e-mensa.INFO: Homepage accessed. {"ip":"::1"} []
[2025-01-12T14:58:32.057898+00:00] e-mensa.INFO: Homepage accessed. {"ip":"::1"} []
[2025-01-12T14:59:37.820675+00:00] e-mensa.INFO: Homepage accessed. {"ip":"::1"} []
[2025-01-12T14:59:45.657109+00:00] e-mensa.INFO: Homepage accessed. {"ip":"::1"} []
[2025-01-12T15:00:05.466142+00:00] e-mensa.INFO: Homepage accessed. {"ip":"::1"} []
[2025-01-12T15:00:09.562622+00:00] e-mensa.INFO: User logged in. {"user":"Admin","ip":"::1"} []
[2025-01-12T15:00:09.593702+00:00] e-mensa.INFO: Homepage accessed. {"ip":"::1"} []
[2025-01-12T15:00:15.020858+00:00] e-mensa.INFO: Homepage accessed. {"ip":"::1"} []
[2025-01-12T15:02:06.575764+00:00] e-mensa.INFO: Homepage accessed. {"ip":"::1"} []
[2025-01-12T15:02:09.507224+00:00] e-mensa.INFO: Homepage accessed. {"ip":"::1"} []
[2025-01-12T15:04:24.379526+00:00] e-mensa.INFO: User logged in. {"user":"Admin","ip":"::1"} []
[2025-01-12T15:04:24.396713+00:00] e-mensa.INFO: Homepage accessed. {"ip":"::1"} []
[2025-01-12T15:05:12.766985+00:00] e-mensa.INFO: Homepage accessed. {"ip":"::1"} []
[2025-01-12T15:06:18.818777+00:00] e-mensa.INFO: User logged in. {"user":"Admin","ip":"::1"} []
[2025-01-12T15:06:18.834443+00:00] e-mensa.INFO: Homepage accessed. {"ip":"::1"} []
[2025-01-12T15:29:20.541312+00:00] e-mensa.INFO: Homepage accessed. {"ip":"::1"} []
[2025-01-13T16:53:26.539956+00:00] e-mensa.INFO: Homepage accessed. {"ip":"::1"} []
[2025-01-13T16:53:31.875404+00:00] e-mensa.INFO: User logged in. {"user":"Admin","ip":"::1"} []
[2025-01-13T16:53:31.917784+00:00] e-mensa.INFO: Homepage accessed. {"ip":"::1"} []
[2025-01-13T16:53:54.634297+00:00] e-mensa.INFO: Homepage accessed. {"ip":"::1"} []
[2025-01-13T16:53:55.694245+00:00] e-mensa.INFO: Homepage accessed. {"ip":"::1"} []
[2025-01-13T16:54:17.944921+00:00] e-mensa.INFO: Homepage accessed. {"ip":"::1"} []
[2025-01-13T16:54:26.719385+00:00] e-mensa.INFO: User logged in. {"user":"Admin","ip":"::1"} []
[2025-01-13T16:54:26.736508+00:00] e-mensa.INFO: Homepage accessed. {"ip":"::1"} []
[2025-01-13T16:55:03.972878+00:00] e-mensa.INFO: User logged out. {"user":"Admin","ip":"::1"} []
[2025-01-13T16:55:05.741093+00:00] e-mensa.INFO: Homepage accessed. {"ip":"::1"} []
[2025-01-13T16:55:09.510888+00:00] e-mensa.INFO: User logged in. {"user":"Admin","ip":"::1"} []
[2025-01-13T16:55:09.528022+00:00] e-mensa.INFO: Homepage accessed. {"ip":"::1"} []
[2025-01-13T17:56:00.763679+00:00] e-mensa.INFO: Homepage accessed. {"ip":"::1"} []
[2025-01-13T17:56:35.123572+00:00] e-mensa.INFO: Homepage accessed. {"ip":"::1"} []
[2025-01-13T17:56:37.063371+00:00] e-mensa.INFO: User logged out. {"user":"Admin","ip":"::1"} []
[2025-01-13T17:56:54.083936+00:00] e-mensa.INFO: User logged in. {"user":"Admin","ip":"::1"} []
[2025-01-13T17:56:54.101001+00:00] e-mensa.INFO: Homepage accessed. {"ip":"::1"} []
[2025-01-13T18:06:58.504404+00:00] e-mensa.INFO: Homepage accessed. {"ip":"::1"} []
[2025-01-13T18:07:12.246954+00:00] e-mensa.INFO: Homepage accessed. {"ip":"::1"} []
[2025-01-13T18:07:26.917630+00:00] e-mensa.INFO: User logged in. {"user":"Admin","ip":"::1"} []
[2025-01-13T18:07:26.935729+00:00] e-mensa.INFO: Homepage accessed. {"ip":"::1"} []
[2025-01-13T18:07:35.655749+00:00] e-mensa.INFO: Homepage accessed. {"ip":"::1"} []
[2025-01-13T18:08:05.162019+00:00] e-mensa.INFO: Homepage accessed. {"ip":"::1"} []
[2025-01-13T18:09:33.251606+00:00] e-mensa.INFO: Homepage accessed. {"ip":"::1"} []
[2025-01-13T18:09:37.079160+00:00] e-mensa.INFO: Homepage accessed. {"ip":"::1"} []
[2025-01-13T18:09:53.384106+00:00] e-mensa.INFO: Homepage accessed. {"ip":"::1"} []
[2025-01-13T18:10:16.512433+00:00] e-mensa.INFO: Homepage accessed. {"ip":"::1"} []
[2025-01-13T18:10:32.435010+00:00] e-mensa.INFO: Homepage accessed. {"ip":"::1"} []
[2025-01-13T18:10:49.512940+00:00] e-mensa.INFO: Homepage accessed. {"ip":"::1"} []
[2025-01-13T18:10:50.390338+00:00] e-mensa.INFO: User logged out. {"user":"Admin","ip":"::1"} []
[2025-01-13T18:10:55.611693+00:00] e-mensa.INFO: User logged in. {"user":"Admin","ip":"::1"} []
[2025-01-13T18:10:55.625596+00:00] e-mensa.INFO: Homepage accessed. {"ip":"::1"} []
[2025-01-13T18:11:15.466271+00:00] e-mensa.INFO: Homepage accessed. {"ip":"::1"} []
[2025-01-13T18:11:41.532295+00:00] e-mensa.INFO: Homepage accessed. {"ip":"::1"} []
[2025-01-13T18:11:49.299605+00:00] e-mensa.INFO: Homepage accessed. {"ip":"::1"} []
[2025-01-13T18:11:59.549317+00:00] e-mensa.INFO: Homepage accessed. {"ip":"::1"} []
[2025-01-13T18:12:11.925410+00:00] e-mensa.INFO: Homepage accessed. {"ip":"::1"} []
[2025-01-13T18:12:12.679337+00:00] e-mensa.INFO: User logged out. {"user":"Admin","ip":"::1"} []
[2025-01-13T18:12:18.726364+00:00] e-mensa.INFO: User logged in. {"user":"Admin","ip":"::1"} []
[2025-01-13T18:12:18.741792+00:00] e-mensa.INFO: Homepage accessed. {"ip":"::1"} []
[2025-01-13T18:12:22.434642+00:00] e-mensa.INFO: User logged out. {"user":"Admin","ip":"::1"} []
[2025-01-13T18:12:24.052461+00:00] e-mensa.INFO: Homepage accessed. {"ip":"::1"} []
[2025-01-13T18:12:27.654477+00:00] e-mensa.INFO: Homepage accessed. {"ip":"::1"} []
[2025-01-13T18:12:40.905143+00:00] e-mensa.INFO: Homepage accessed. {"ip":"::1"} []
[2025-01-13T18:12:41.440219+00:00] e-mensa.INFO: Homepage accessed. {"ip":"::1"} []
[2025-01-13T18:13:08.948707+00:00] e-mensa.INFO: Homepage accessed. {"ip":"::1"} []
[2025-01-13T18:13:10.089385+00:00] e-mensa.INFO: Homepage accessed. {"ip":"::1"} []
[2025-01-13T18:13:21.650434+00:00] e-mensa.INFO: User logged in. {"user":"Admin","ip":"::1"} []
[2025-01-13T18:13:21.676096+00:00] e-mensa.INFO: Homepage accessed. {"ip":"::1"} []
[2025-01-13T18:13:53.212421+00:00] e-mensa.INFO: Homepage accessed. {"ip":"::1"} []
[2025-01-13T18:15:18.797825+00:00] e-mensa.INFO: Homepage accessed. {"ip":"::1"} []
[2025-01-13T18:15:23.014765+00:00] e-mensa.INFO: Homepage accessed. {"ip":"::1"} []
[2025-01-13T18:15:25.439667+00:00] e-mensa.INFO: Homepage accessed. {"ip":"::1"} []
[2025-01-13T19:16:21.573205+00:00] e-mensa.INFO: Homepage accessed. {"ip":"::1"} []
[2025-01-13T19:39:39.087166+00:00] e-mensa.INFO: Homepage accessed. {"ip":"::1"} []
[2025-01-13T19:39:51.055461+00:00] e-mensa.INFO: User logged in. {"user":"benutzer1","ip":"::1"} []
[2025-01-13T19:39:51.079062+00:00] e-mensa.INFO: Homepage accessed. {"ip":"::1"} []
[2025-01-13T19:40:23.255427+00:00] e-mensa.INFO: Homepage accessed. {"ip":"::1"} []
[2025-01-13T19:53:13.477729+00:00] e-mensa.INFO: Homepage accessed. {"ip":"::1"} []
[2025-01-13T19:54:28.484427+00:00] e-mensa.INFO: Homepage accessed. {"ip":"::1"} []
[2025-01-13T19:54:34.964361+00:00] e-mensa.INFO: User logged out. {"user":"benutzer1","ip":"::1"} []
[2025-01-13T19:54:39.241981+00:00] e-mensa.INFO: User logged in. {"user":"Admin","ip":"::1"} []
[2025-01-13T19:54:39.260051+00:00] e-mensa.INFO: Homepage accessed. {"ip":"::1"} []
[2025-01-13T19:54:46.457601+00:00] e-mensa.INFO: User logged out. {"user":"Admin","ip":"::1"} []
[2025-01-13T19:54:52.711666+00:00] e-mensa.INFO: User logged in. {"user":"Admin","ip":"::1"} []
[2025-01-13T19:54:52.730900+00:00] e-mensa.INFO: Homepage accessed. {"ip":"::1"} []
[2025-01-13T19:55:43.997412+00:00] e-mensa.INFO: Homepage accessed. {"ip":"::1"} []
[2025-01-13T19:59:49.954363+00:00] e-mensa.INFO: Homepage accessed. {"ip":"::1"} []
[2025-01-13T20:14:35.579842+00:00] e-mensa.INFO: Homepage accessed. {"ip":"::1"} []
[2025-01-13T20:14:45.487496+00:00] e-mensa.INFO: User logged in. {"user":"Admin","ip":"::1"} []
[2025-01-13T20:14:45.504893+00:00] e-mensa.INFO: Homepage accessed. {"ip":"::1"} []
[2025-01-13T20:19:16.280781+00:00] e-mensa.INFO: Homepage accessed. {"ip":"::1"} []
[2025-01-13T20:19:17.185024+00:00] e-mensa.INFO: User logged out. {"user":"Admin","ip":"::1"} []
[2025-01-13T20:19:23.895319+00:00] e-mensa.INFO: User logged in. {"user":"benutzer1","ip":"::1"} []
[2025-01-13T20:19:23.912709+00:00] e-mensa.INFO: Homepage accessed. {"ip":"::1"} []
[2025-01-13T20:19:42.204500+00:00] e-mensa.INFO: Homepage accessed. {"ip":"::1"} []
[2025-01-13T20:20:01.739083+00:00] e-mensa.INFO: User logged in. {"user":"Admin","ip":"::1"} []
[2025-01-13T20:20:01.752752+00:00] e-mensa.INFO: Homepage accessed. {"ip":"::1"} []
[2025-01-13T20:31:45.915846+00:00] e-mensa.INFO: Homepage accessed. {"ip":"::1"} []
[2025-01-13T20:31:50.825912+00:00] e-mensa.INFO: User logged in. {"user":"benutzer1","ip":"::1"} []
[2025-01-13T20:31:50.841446+00:00] e-mensa.INFO: Homepage accessed. {"ip":"::1"} []
[2025-01-13T20:32:00.958752+00:00] e-mensa.INFO: Homepage accessed. {"ip":"::1"} []
[2025-01-13T20:32:01.762564+00:00] e-mensa.INFO: User logged out. {"user":"benutzer1","ip":"::1"} []
[2025-01-13T20:32:13.770375+00:00] e-mensa.INFO: User logged in. {"user":"Admin","ip":"::1"} []
[2025-01-13T20:32:13.786860+00:00] e-mensa.INFO: Homepage accessed. {"ip":"::1"} []
[2025-01-13T20:32:20.125273+00:00] e-mensa.INFO: Homepage accessed. {"ip":"::1"} []
[2025-01-13T20:32:23.133740+00:00] e-mensa.INFO: User logged out. {"user":"Admin","ip":"::1"} []
[2025-01-13T20:32:29.280698+00:00] e-mensa.INFO: User logged in. {"user":"benutzer1","ip":"::1"} []
[2025-01-13T20:32:29.297993+00:00] e-mensa.INFO: Homepage accessed. {"ip":"::1"} []
[2025-01-13T20:32:34.552058+00:00] e-mensa.INFO: Homepage accessed. {"ip":"::1"} []
[2025-01-13T20:32:36.120834+00:00] e-mensa.INFO: User logged out. {"user":"benutzer1","ip":"::1"} []
[2025-01-13T20:32:41.663838+00:00] e-mensa.INFO: User logged in. {"user":"Admin","ip":"::1"} []
[2025-01-13T20:32:41.681096+00:00] e-mensa.INFO: Homepage accessed. {"ip":"::1"} []
[2025-01-13T20:32:57.038190+00:00] e-mensa.INFO: Homepage accessed. {"ip":"::1"} []
[2025-01-13T20:32:58.095498+00:00] e-mensa.INFO: User logged out. {"user":"Admin","ip":"::1"} []
[2025-01-13T20:32:59.120911+00:00] e-mensa.INFO: Homepage accessed. {"ip":"::1"} []
[2025-01-15T15:53:12.357220+00:00] e-mensa.INFO: Homepage accessed. {"ip":"::1"} []
[2025-01-15T16:04:25.603669+00:00] e-mensa.INFO: Homepage accessed. {"ip":"::1"} []
[2025-01-15T16:04:28.535844+00:00] e-mensa.INFO: Homepage accessed. {"ip":"::1"} []
[2025-01-15T16:04:36.930895+00:00] e-mensa.INFO: User logged in. {"user":"Admin","ip":"::1"} []
[2025-01-15T16:04:36.940470+00:00] e-mensa.INFO: Homepage accessed. {"ip":"::1"} []
[2025-01-15T16:04:39.257771+00:00] e-mensa.INFO: User logged out. {"user":"Admin","ip":"::1"} []
[2025-01-15T16:04:41.375268+00:00] e-mensa.INFO: Homepage accessed. {"ip":"::1"} []
[2025-01-15T16:04:43.150126+00:00] e-mensa.INFO: Homepage accessed. {"ip":"::1"} []
[2025-01-15T16:07:39.495884+00:00] e-mensa.INFO: Homepage accessed. {"ip":"::1"} []
[2025-01-15T16:44:24.882716+00:00] e-mensa.INFO: Homepage accessed. {"ip":"::1"} []
[2025-01-15T16:44:26.390524+00:00] e-mensa.INFO: Homepage accessed. {"ip":"::1"} []
[2025-01-15T16:44:34.197950+00:00] e-mensa.INFO: Homepage accessed. {"ip":"::1"} []
[2025-01-15T16:44:38.848807+00:00] e-mensa.INFO: User logged in. {"user":"Admin","ip":"::1"} []
[2025-01-15T16:44:38.856800+00:00] e-mensa.INFO: Homepage accessed. {"ip":"::1"} []
[2025-01-15T16:44:52.907349+00:00] e-mensa.INFO: Homepage accessed. {"ip":"::1"} []
[2025-01-15T16:45:16.287630+00:00] e-mensa.INFO: Homepage accessed. {"ip":"::1"} []
[2025-01-15T16:45:39.759076+00:00] e-mensa.INFO: Homepage accessed. {"ip":"::1"} []
[2025-01-15T16:47:35.711759+00:00] e-mensa.INFO: User logged out. {"user":"Admin","ip":"::1"} []
[2025-01-15T16:47:40.743603+00:00] e-mensa.INFO: Homepage accessed. {"ip":"::1"} []
[2025-01-15T18:24:56.111859+00:00] e-mensa.INFO: Homepage accessed. {"ip":"::1"} []
[2025-01-15T18:25:07.428012+00:00] e-mensa.INFO: User logged in. {"user":"Admin","ip":"::1"} []
[2025-01-15T18:25:07.445358+00:00] e-mensa.INFO: Homepage accessed. {"ip":"::1"} []
[2025-01-15T18:28:03.868664+00:00] e-mensa.INFO: Homepage accessed. {"ip":"::1"} []
[2025-01-15T18:28:38.617308+00:00] e-mensa.INFO: Homepage accessed. {"ip":"::1"} []
[2025-01-15T18:29:57.323694+00:00] e-mensa.INFO: Homepage accessed. {"ip":"::1"} []
[2025-01-15T18:30:36.019578+00:00] e-mensa.INFO: User logged out. {"user":"Admin","ip":"::1"} []
[2025-01-15T18:30:37.585354+00:00] e-mensa.INFO: Homepage accessed. {"ip":"::1"} []
[2025-01-15T18:30:38.881756+00:00] e-mensa.INFO: Homepage accessed. {"ip":"::1"} []
[2025-01-15T18:30:52.848481+00:00] e-mensa.INFO: Homepage accessed. {"ip":"::1"} []
[2025-01-15T18:31:42.460550+00:00] e-mensa.INFO: User logged in. {"user":"Admin","ip":"::1"} []
[2025-01-15T18:31:42.472461+00:00] e-mensa.INFO: Homepage accessed. {"ip":"::1"} []
[2025-01-15T18:43:47.908929+00:00] e-mensa.INFO: Homepage accessed. {"ip":"::1"} []
[2025-01-15T18:45:36.630092+00:00] e-mensa.INFO: User logged out. {"user":"Admin","ip":"::1"} []
[2025-01-15T18:45:37.518295+00:00] e-mensa.INFO: Homepage accessed. {"ip":"::1"} []
[2025-01-15T18:52:27.371919+00:00] e-mensa.INFO: Homepage accessed. {"ip":"::1"} []
[2025-01-15T18:52:29.165534+00:00] e-mensa.INFO: Homepage accessed. {"ip":"::1"} []
[2025-01-15T18:52:33.246549+00:00] e-mensa.INFO: User logged in. {"user":"Admin","ip":"::1"} []
[2025-01-15T18:52:33.256204+00:00] e-mensa.INFO: Homepage accessed. {"ip":"::1"} []
[2025-01-15T23:08:34.920000+00:00] e-mensa.INFO: User logged out. {"user":"Admin","ip":"::1"} []
[2025-01-15T23:08:36.365604+00:00] e-mensa.INFO: Homepage accessed. {"ip":"::1"} []
[2025-01-15T23:08:39.953088+00:00] e-mensa.INFO: Homepage accessed. {"ip":"::1"} []
[2025-01-15T23:23:08.279589+00:00] e-mensa.INFO: Homepage accessed. {"ip":"::1"} []
[2025-01-15T23:23:10.005404+00:00] e-mensa.INFO: Homepage accessed. {"ip":"::1"} []
[2025-01-15T23:25:31.762010+00:00] e-mensa.INFO: Homepage accessed. {"ip":"::1"} []
[2025-01-15T23:25:33.505243+00:00] e-mensa.INFO: Homepage accessed. {"ip":"::1"} []
[2025-01-15T23:27:27.232972+00:00] e-mensa.INFO: Homepage accessed. {"ip":"::1"} []
[2025-01-15T23:27:28.805976+00:00] e-mensa.INFO: Homepage accessed. {"ip":"::1"} []
[2025-01-15T23:27:43.175861+00:00] e-mensa.INFO: User logged in. {"user":"Admin","ip":"::1"} []
[2025-01-15T23:27:43.185838+00:00] e-mensa.INFO: Homepage accessed. {"ip":"::1"} []
[2025-01-15T23:28:25.914088+00:00] e-mensa.INFO: Homepage accessed. {"ip":"::1"} []
[2025-01-15T23:28:27.093033+00:00] e-mensa.INFO: Homepage accessed. {"ip":"::1"} []
[2025-01-15T23:28:39.371272+00:00] e-mensa.INFO: Homepage accessed. {"ip":"::1"} []
[2025-01-15T23:28:40.489760+00:00] e-mensa.INFO: Homepage accessed. {"ip":"::1"} []
[2025-01-15T23:29:16.407982+00:00] e-mensa.INFO: User logged out. {"user":"Admin","ip":"::1"} []
[2025-01-15T23:29:17.952660+00:00] e-mensa.INFO: Homepage accessed. {"ip":"::1"} []
[2025-01-15T23:29:19.500715+00:00] e-mensa.INFO: Homepage accessed. {"ip":"::1"} []
[2025-01-15T23:30:27.873869+00:00] e-mensa.INFO: Homepage accessed. {"ip":"::1"} []
[2025-01-15T23:30:29.266529+00:00] e-mensa.INFO: Homepage accessed. {"ip":"::1"} []
[2025-01-15T23:34:11.253684+00:00] e-mensa.INFO: Homepage accessed. {"ip":"::1"} []
[2025-01-15T23:34:12.969344+00:00] e-mensa.INFO: Homepage accessed. {"ip":"::1"} []
[2025-01-15T23:38:06.027141+00:00] e-mensa.INFO: Homepage accessed. {"ip":"::1"} []
[2025-01-15T23:38:07.598988+00:00] e-mensa.INFO: Homepage accessed. {"ip":"::1"} []
[2025-01-15T23:38:21.525639+00:00] e-mensa.INFO: User logged in. {"user":"Admin","ip":"::1"} []
[2025-01-15T23:38:21.529882+00:00] e-mensa.INFO: Homepage accessed. {"ip":"::1"} []
[2025-01-15T23:41:37.049467+00:00] e-mensa.INFO: Homepage accessed. {"ip":"::1"} []
[2025-01-15T23:41:40.451745+00:00] e-mensa.INFO: User logged out. {"user":"Admin","ip":"::1"} []
[2025-01-15T23:41:41.859874+00:00] e-mensa.INFO: Homepage accessed. {"ip":"::1"} []
[2025-01-15T23:41:43.379129+00:00] e-mensa.INFO: Homepage accessed. {"ip":"::1"} []
[2025-01-15T23:41:46.682545+00:00] e-mensa.INFO: User logged in. {"user":"Admin","ip":"::1"} []
[2025-01-15T23:41:46.697712+00:00] e-mensa.INFO: Homepage accessed. {"ip":"::1"} []
[2025-01-15T23:41:53.662616+00:00] e-mensa.INFO: Homepage accessed. {"ip":"::1"} []
[2025-01-15T23:41:57.861486+00:00] e-mensa.INFO: User logged out. {"user":"Admin","ip":"::1"} []
[2025-01-15T23:42:00.301216+00:00] e-mensa.INFO: Homepage accessed. {"ip":"::1"} []
[2025-01-15T23:42:10.864198+00:00] e-mensa.INFO: Homepage accessed. {"ip":"::1"} []
[2025-01-15T23:42:18.892756+00:00] e-mensa.INFO: User logged in. {"user":"Admin","ip":"::1"} []
[2025-01-15T23:42:18.907532+00:00] e-mensa.INFO: Homepage accessed. {"ip":"::1"} []
[2025-01-15T23:43:29.877656+00:00] e-mensa.INFO: Homepage accessed. {"ip":"::1"} []
[2025-01-15T23:43:30.768834+00:00] e-mensa.INFO: Homepage accessed. {"ip":"::1"} []
[2025-01-15T23:43:32.659366+00:00] e-mensa.INFO: User logged out. {"user":"Admin","ip":"::1"} []
[2025-01-15T23:43:33.892639+00:00] e-mensa.INFO: Homepage accessed. {"ip":"::1"} []
[2025-01-15T23:43:35.328721+00:00] e-mensa.INFO: Homepage accessed. {"ip":"::1"} []
[2025-01-15T23:43:38.871457+00:00] e-mensa.INFO: User logged in. {"user":"Admin","ip":"::1"} []
[2025-01-15T23:43:38.884499+00:00] e-mensa.INFO: Homepage accessed. {"ip":"::1"} []
[2025-01-15T23:44:23.551430+00:00] e-mensa.INFO: Homepage accessed. {"ip":"::1"} []
[2025-01-15T23:44:25.429762+00:00] e-mensa.INFO: Homepage accessed. {"ip":"::1"} []
[2025-01-15T23:44:27.150540+00:00] e-mensa.INFO: Homepage accessed. {"ip":"::1"} []
[2025-01-15T23:44:30.468744+00:00] e-mensa.INFO: Homepage accessed. {"ip":"::1"} []
[2025-01-15T23:47:44.365149+00:00] e-mensa.INFO: Homepage accessed. {"ip":"::1"} []
[2025-01-15T23:47:45.746370+00:00] e-mensa.INFO: Homepage accessed. {"ip":"::1"} []
[2025-01-15T23:47:48.032697+00:00] e-mensa.INFO: User logged out. {"user":"Admin","ip":"::1"} []
[2025-01-15T23:47:50.775827+00:00] e-mensa.INFO: Homepage accessed. {"ip":"::1"} []
[2025-01-15T23:47:51.758326+00:00] e-mensa.INFO: Homepage accessed. {"ip":"::1"} []
[2025-01-15T23:47:55.988983+00:00] e-mensa.INFO: Homepage accessed. {"ip":"::1"} []
[2025-01-15T23:48:08.582022+00:00] e-mensa.INFO: Homepage accessed. {"ip":"::1"} []
[2025-01-15T23:49:26.762054+00:00] e-mensa.INFO: Homepage accessed. {"ip":"::1"} []
[2025-01-15T23:49:27.797757+00:00] e-mensa.INFO: Homepage accessed. {"ip":"::1"} []
[2025-01-15T23:49:30.055551+00:00] e-mensa.INFO: Homepage accessed. {"ip":"::1"} []
[2025-01-15T23:49:32.385690+00:00] e-mensa.INFO: User logged out. {"user":"Admin","ip":"::1"} []
[2025-01-15T23:49:34.018433+00:00] e-mensa.INFO: Homepage accessed. {"ip":"::1"} []
[2025-01-15T23:49:35.220623+00:00] e-mensa.INFO: Homepage accessed. {"ip":"::1"} []
[2025-01-15T23:49:38.569650+00:00] e-mensa.INFO: Homepage accessed. {"ip":"::1"} []
[2025-01-15T23:50:50.834867+00:00] e-mensa.INFO: Homepage accessed. {"ip":"::1"} []
[2025-01-15T23:50:52.176066+00:00] e-mensa.INFO: Homepage accessed. {"ip":"::1"} []
[2025-01-15T23:50:54.743101+00:00] e-mensa.INFO: Accessing showRatingForm: {"csrf_token":"340399eb2ce543b188aab613b62e0388ced105b138f2549013a4df0f1aee1f73","login_success":"Login successful! Welcome back, Admin.","success":"Bewertung erfolgreich hinzugefgt.","user":{"id":3,"name":"Admin","email":"admin2@emensa.example","admin":1}} []
[2025-01-15T23:50:54.750566+00:00] e-mensa.INFO: Homepage accessed. {"ip":"::1"} []
[2025-01-15T23:53:37.105957+00:00] e-mensa.INFO: Homepage accessed. {"ip":"::1"} []
[2025-01-15T23:53:38.617075+00:00] e-mensa.INFO: Homepage accessed. {"ip":"::1"} []
[2025-01-15T23:53:47.449498+00:00] e-mensa.INFO: User logged out. {"user":"Admin","ip":"::1"} []
[2025-01-15T23:53:49.002642+00:00] e-mensa.INFO: Homepage accessed. {"ip":"::1"} []
[2025-01-15T23:53:50.056899+00:00] e-mensa.INFO: Homepage accessed. {"ip":"::1"} []
[2025-01-15T23:54:07.947139+00:00] e-mensa.INFO: Homepage accessed. {"ip":"::1"} []
[2025-01-15T23:54:14.025264+00:00] e-mensa.INFO: User logged out. {"user":"Admin","ip":"::1"} []
[2025-01-15T23:54:19.058682+00:00] e-mensa.INFO: Homepage accessed. {"ip":"::1"} []
[2025-01-15T23:54:20.580326+00:00] e-mensa.INFO: Homepage accessed. {"ip":"::1"} []
[2025-01-15T23:56:07.441529+00:00] e-mensa.INFO: Homepage accessed. {"ip":"::1"} []
[2025-01-15T23:56:09.156564+00:00] e-mensa.INFO: Homepage accessed. {"ip":"::1"} []
[2025-01-15T23:56:43.177280+00:00] e-mensa.INFO: Homepage accessed. {"ip":"::1"} []
[2025-01-15T23:58:02.225359+00:00] e-mensa.INFO: Homepage accessed. {"ip":"::1"} []
[2025-01-16T00:05:03.136098+00:00] e-mensa.INFO: Homepage accessed. {"ip":"::1"} []
[2025-01-16T00:05:04.282824+00:00] e-mensa.INFO: Homepage accessed. {"ip":"::1"} []
[2025-01-16T00:05:07.070914+00:00] e-mensa.INFO: User logged out. {"user":"Admin","ip":"::1"} []
[2025-01-16T00:05:08.542878+00:00] e-mensa.INFO: Homepage accessed. {"ip":"::1"} []
[2025-01-16T00:05:09.612584+00:00] e-mensa.INFO: Homepage accessed. {"ip":"::1"} []
[2025-01-16T00:05:14.123672+00:00] e-mensa.INFO: User logged in. {"user":"Admin","ip":"::1"} []
[2025-01-16T00:05:24.652865+00:00] e-mensa.INFO: Homepage accessed. {"ip":"::1"} []
[2025-01-16T00:22:32.395159+00:00] e-mensa.INFO: Homepage accessed. {"ip":"::1"} []
[2025-01-16T00:22:35.765013+00:00] e-mensa.INFO: User logged in. {"user":"Admin","ip":"::1"} []
[2025-01-16T00:22:35.776743+00:00] e-mensa.INFO: Homepage accessed. {"ip":"::1"} []
[2025-01-16T00:27:42.202726+00:00] e-mensa.INFO: Homepage accessed. {"ip":"::1"} []
[2025-01-16T00:27:43.413233+00:00] e-mensa.INFO: Homepage accessed. {"ip":"::1"} []
[2025-01-16T00:28:33.416909+00:00] e-mensa.INFO: Homepage accessed. {"ip":"::1"} []
[2025-01-16T00:41:24.325648+00:00] e-mensa.INFO: Homepage accessed. {"ip":"::1"} []
[2025-01-16T00:41:31.674797+00:00] e-mensa.INFO: Homepage accessed. {"ip":"::1"} []
[2025-01-16T00:46:44.521135+00:00] e-mensa.INFO: Homepage accessed. {"ip":"::1"} []
[2025-01-16T00:46:45.728807+00:00] e-mensa.INFO: Homepage accessed. {"ip":"::1"} []
[2025-01-16T00:54:38.396458+00:00] e-mensa.INFO: Homepage accessed. {"ip":"::1"} []
[2025-01-16T00:54:39.532072+00:00] e-mensa.INFO: Homepage accessed. {"ip":"::1"} []
[2025-01-16T01:01:45.043212+00:00] e-mensa.INFO: Homepage accessed. {"ip":"::1"} []
[2025-01-16T01:01:47.892085+00:00] e-mensa.INFO: User logged out. {"user":"Admin","ip":"::1"} []
[2025-01-16T01:01:49.291521+00:00] e-mensa.INFO: Homepage accessed. {"ip":"::1"} []
[2025-01-16T01:01:50.393036+00:00] e-mensa.INFO: Homepage accessed. {"ip":"::1"} []
[2025-01-16T11:29:51.127512+00:00] e-mensa.INFO: Homepage accessed. {"ip":"::1"} []
[2025-01-16T11:29:52.473912+00:00] e-mensa.INFO: Homepage accessed. {"ip":"::1"} []
[2025-01-16T11:29:57.661733+00:00] e-mensa.INFO: User logged in. {"user":"Admin","ip":"::1"} []
[2025-01-16T11:32:47.161442+00:00] e-mensa.INFO: User logged in. {"user":"benutzer1","ip":"::1"} []
[2025-01-16T11:32:47.441841+00:00] e-mensa.INFO: Homepage accessed. {"ip":"::1"} []
[2025-01-16T11:32:58.890542+00:00] e-mensa.INFO: Homepage accessed. {"ip":"::1"} []
[2025-01-16T11:33:10.064490+00:00] e-mensa.INFO: Homepage accessed. {"ip":"::1"} []
[2025-01-16T11:33:35.195955+00:00] e-mensa.INFO: Homepage accessed. {"ip":"::1"} []
[2025-01-16T11:48:50.253478+00:00] e-mensa.INFO: Homepage accessed. {"ip":"::1"} []
[2025-01-16T11:48:54.228320+00:00] e-mensa.INFO: Homepage accessed. {"ip":"::1"} []
[2025-01-16T12:08:42.838497+00:00] e-mensa.INFO: Homepage accessed. {"ip":"::1"} []
[2025-01-16T12:08:44.400131+00:00] e-mensa.INFO: Homepage accessed. {"ip":"::1"} []
[2025-01-16T12:28:56.543022+00:00] e-mensa.INFO: Homepage accessed. {"ip":"::1"} []
[2025-01-16T12:28:58.557252+00:00] e-mensa.INFO: User logged out. {"user":"benutzer1","ip":"::1"} []
[2025-01-16T12:28:59.950368+00:00] e-mensa.INFO: Homepage accessed. {"ip":"::1"} []
[2025-01-16T12:29:01.346868+00:00] e-mensa.INFO: Homepage accessed. {"ip":"::1"} []
[2025-01-16T12:29:12.091659+00:00] e-mensa.INFO: User logged in. {"user":"Admin","ip":"::1"} []
[2025-01-16T12:36:02.062554+00:00] e-mensa.INFO: User logged in. {"user":"Admin","ip":"::1"} []
[2025-01-16T12:36:02.070848+00:00] e-mensa.INFO: Homepage accessed. {"ip":"::1"} []
[2025-01-16T12:40:51.644933+00:00] e-mensa.INFO: Homepage accessed. {"ip":"::1"} []
[2025-01-16T12:40:59.961141+00:00] e-mensa.INFO: User logged in. {"user":"Admin","ip":"::1"} []
[2025-01-16T12:40:59.967637+00:00] e-mensa.INFO: Homepage accessed. {"ip":"::1"} []
[2025-01-16T12:41:17.021248+00:00] e-mensa.INFO: Homepage accessed. {"ip":"::1"} []
