[2025-01-05T23:15:56.021974+00:00] e-mensa.INFO: Homepage accessed. {"ip":"::1"} []
[2025-01-05T23:16:08.988091+00:00] e-mensa.INFO: Homepage accessed. {"ip":"::1"} []
[2025-01-05T23:16:15.441515+00:00] e-mensa.INFO: User logged in. {"user":"Admin","ip":"::1"} []
[2025-01-05T23:16:15.455429+00:00] e-mensa.INFO: Homepage accessed. {"ip":"::1"} []
[2025-01-05T23:16:29.095869+00:00] e-mensa.WARNING: Failed login attempt - incorrect password. {"username":"admin2@emensa.example","ip":"::1"} []
[2025-01-05T23:16:39.358477+00:00] e-mensa.INFO: User logged in. {"user":"Admin","ip":"::1"} []
[2025-01-05T23:16:39.372569+00:00] e-mensa.INFO: Homepage accessed. {"ip":"::1"} []
[2025-01-05T23:16:42.234230+00:00] e-mensa.INFO: User logged out. {"user":"Admin","ip":"::1"} []
[2025-01-05T23:16:47.823458+00:00] e-mensa.INFO: Homepage accessed. {"ip":"::1"} []
[2025-01-06T12:14:48.987890+00:00] e-mensa.INFO: Homepage accessed. {"ip":"::1"} []
[2025-01-06T12:15:01.647508+00:00] e-mensa.INFO: Homepage accessed. {"ip":"::1"} []
[2025-01-06T12:15:15.065994+00:00] e-mensa.INFO: User logged in. {"user":"Admin","ip":"::1"} []
[2025-01-06T12:15:15.088446+00:00] e-mensa.INFO: Homepage accessed. {"ip":"::1"} []
[2025-01-06T12:15:17.747922+00:00] e-mensa.INFO: User logged out. {"user":"Admin","ip":"::1"} []
[2025-01-06T12:15:20.501411+00:00] e-mensa.INFO: Homepage accessed. {"ip":"::1"} []
[2025-01-06T12:15:49.277181+00:00] e-mensa.INFO: User logged in. {"user":"Admin","ip":"::1"} []
[2025-01-06T12:15:49.295990+00:00] e-mensa.INFO: Homepage accessed. {"ip":"::1"} []
[2025-01-06T12:42:59.774712+00:00] e-mensa.INFO: Homepage accessed. {"ip":"::1"} []
[2025-01-06T12:59:18.380211+00:00] e-mensa.INFO: Homepage accessed. {"ip":"::1"} []
[2025-01-06T12:59:31.435680+00:00] e-mensa.INFO: Homepage accessed. {"ip":"::1"} []
[2025-01-06T12:59:51.614396+00:00] e-mensa.INFO: User logged in. {"user":"Admin","ip":"::1"} []
[2025-01-06T12:59:51.632843+00:00] e-mensa.INFO: Homepage accessed. {"ip":"::1"} []
[2025-01-06T13:00:02.715100+00:00] e-mensa.INFO: User logged in. {"user":"Admin","ip":"::1"} []
[2025-01-06T13:00:02.733482+00:00] e-mensa.INFO: Homepage accessed. {"ip":"::1"} []
[2025-01-06T13:00:06.030515+00:00] e-mensa.INFO: User logged out. {"user":"Admin","ip":"::1"} []
[2025-01-06T13:00:15.658745+00:00] e-mensa.INFO: Homepage accessed. {"ip":"::1"} []
[2025-01-06T13:33:03.945086+00:00] e-mensa.INFO: Homepage accessed. {"ip":"::1"} []
[2025-01-06T14:02:41.541625+00:00] e-mensa.INFO: Homepage accessed. {"ip":"::1"} []
[2025-01-06T14:09:42.082730+00:00] e-mensa.INFO: Homepage accessed. {"ip":"::1"} []
[2025-01-06T14:09:58.610719+00:00] e-mensa.INFO: Homepage accessed. {"ip":"::1"} []
[2025-01-06T14:09:59.367661+00:00] e-mensa.INFO: Homepage accessed. {"ip":"::1"} []
[2025-01-06T14:10:07.040935+00:00] e-mensa.INFO: Homepage accessed. {"ip":"::1"} []
[2025-01-06T14:10:07.607732+00:00] e-mensa.INFO: Homepage accessed. {"ip":"::1"} []
[2025-01-06T14:10:07.768156+00:00] e-mensa.INFO: Homepage accessed. {"ip":"::1"} []
[2025-01-06T14:10:13.740539+00:00] e-mensa.INFO: Homepage accessed. {"ip":"::1"} []
[2025-01-06T14:10:14.128931+00:00] e-mensa.INFO: Homepage accessed. {"ip":"::1"} []
[2025-01-06T14:10:14.304592+00:00] e-mensa.INFO: Homepage accessed. {"ip":"::1"} []
[2025-01-06T14:10:39.648544+00:00] e-mensa.INFO: Homepage accessed. {"ip":"::1"} []
[2025-01-06T14:10:40.235378+00:00] e-mensa.INFO: Homepage accessed. {"ip":"::1"} []
[2025-01-06T14:10:59.773350+00:00] e-mensa.INFO: Homepage accessed. {"ip":"::1"} []
[2025-01-06T14:11:13.328907+00:00] e-mensa.INFO: Homepage accessed. {"ip":"::1"} []
[2025-01-06T14:11:23.140395+00:00] e-mensa.INFO: Homepage accessed. {"ip":"::1"} []
[2025-01-06T14:11:23.845778+00:00] e-mensa.INFO: Homepage accessed. {"ip":"::1"} []
[2025-01-06T14:11:24.010817+00:00] e-mensa.INFO: Homepage accessed. {"ip":"::1"} []
[2025-01-06T14:11:26.433376+00:00] e-mensa.INFO: Homepage accessed. {"ip":"::1"} []
[2025-01-06T14:11:26.597340+00:00] e-mensa.INFO: Homepage accessed. {"ip":"::1"} []
[2025-01-06T14:11:26.746297+00:00] e-mensa.INFO: Homepage accessed. {"ip":"::1"} []
[2025-01-06T14:11:53.247038+00:00] e-mensa.INFO: Homepage accessed. {"ip":"::1"} []
[2025-01-06T14:40:52.841813+00:00] e-mensa.INFO: Homepage accessed. {"ip":"::1"} []
[2025-01-06T14:41:00.002471+00:00] e-mensa.ERROR: Error inserting newsletter sign-up. {"exception":"[object] (mysqli_sql_exception(code: 1364): Field 'datenschutz' doesn't have a default value at C:\\Users\\micha\\DBWT EVRYTHING\\M5 remake AUFGABE 1-2 DONE NEXT 3\\M2\\E-Mensa Werbeseite\\emensa\\emensa\\emensa\\models\\gericht.php:48)"} []
[2025-01-06T14:41:00.015516+00:00] e-mensa.INFO: Homepage accessed. {"ip":"::1"} []
[2025-01-06T14:41:18.901296+00:00] e-mensa.ERROR: Error inserting newsletter sign-up. {"exception":"[object] (mysqli_sql_exception(code: 1364): Field 'datenschutz' doesn't have a default value at C:\\Users\\micha\\DBWT EVRYTHING\\M5 remake AUFGABE 1-2 DONE NEXT 3\\M2\\E-Mensa Werbeseite\\emensa\\emensa\\emensa\\models\\gericht.php:48)"} []
[2025-01-06T14:41:18.913240+00:00] e-mensa.INFO: Homepage accessed. {"ip":"::1"} []
[2025-01-06T14:45:39.270216+00:00] e-mensa.INFO: Homepage accessed. {"ip":"::1"} []
[2025-01-06T15:08:11.499244+00:00] e-mensa.INFO: Homepage accessed. {"ip":"::1"} []
[2025-01-06T20:30:28.877639+00:00] e-mensa.INFO: Homepage accessed. {"ip":"::1"} []
[2025-01-06T20:43:15.205721+00:00] e-mensa.INFO: Homepage accessed. {"ip":"::1"} []
[2025-01-06T20:46:57.138562+00:00] e-mensa.INFO: Homepage accessed. {"ip":"::1"} []
[2025-01-06T20:51:31.547553+00:00] e-mensa.INFO: Homepage accessed. {"ip":"::1"} []
[2025-01-06T20:54:27.168524+00:00] e-mensa.INFO: Homepage accessed. {"ip":"::1"} []
[2025-01-06T20:54:52.699471+00:00] e-mensa.INFO: Homepage accessed. {"ip":"::1"} []
[2025-01-06T21:00:17.004961+00:00] e-mensa.INFO: Homepage accessed. {"ip":"::1"} []
[2025-01-06T21:21:02.012139+00:00] e-mensa.INFO: Homepage accessed. {"ip":"::1"} []
[2025-01-06T21:21:19.346001+00:00] e-mensa.INFO: User logged in. {"user":"Admin","ip":"::1"} []
[2025-01-06T21:21:19.361595+00:00] e-mensa.INFO: Homepage accessed. {"ip":"::1"} []
[2025-01-06T21:28:38.860597+00:00] e-mensa.INFO: Homepage accessed. {"ip":"::1"} []
[2025-01-06T21:28:42.592123+00:00] e-mensa.INFO: Homepage accessed. {"ip":"::1"} []
[2025-01-06T21:28:47.136934+00:00] e-mensa.INFO: User logged out. {"user":"Admin","ip":"::1"} []
[2025-01-06T21:28:50.969132+00:00] e-mensa.WARNING: Failed login attempt - incorrect password. {"username":"admin2@emensa.example","ip":"::1"} []
[2025-01-06T21:28:54.653208+00:00] e-mensa.INFO: User logged in. {"user":"Admin","ip":"::1"} []
[2025-01-06T21:28:54.667980+00:00] e-mensa.INFO: Homepage accessed. {"ip":"::1"} []
[2025-01-07T15:51:02.763807+00:00] e-mensa.INFO: Homepage accessed. {"ip":"::1"} []
[2025-01-07T15:51:23.161152+00:00] e-mensa.INFO: Homepage accessed. {"ip":"::1"} []
[2025-01-07T15:51:28.341661+00:00] e-mensa.INFO: Homepage accessed. {"ip":"::1"} []
[2025-01-07T15:51:37.108867+00:00] e-mensa.INFO: User logged in. {"user":"Admin","ip":"::1"} []
[2025-01-07T15:51:37.132514+00:00] e-mensa.INFO: Homepage accessed. {"ip":"::1"} []
[2025-01-07T15:51:40.580136+00:00] e-mensa.INFO: User logged out. {"user":"Admin","ip":"::1"} []
[2025-01-07T15:51:47.298584+00:00] e-mensa.INFO: User logged in. {"user":"Admin","ip":"::1"} []
[2025-01-07T15:51:47.312806+00:00] e-mensa.INFO: Homepage accessed. {"ip":"::1"} []
[2025-01-07T15:51:50.111040+00:00] e-mensa.INFO: User logged out. {"user":"Admin","ip":"::1"} []
[2025-01-07T15:51:56.177570+00:00] e-mensa.WARNING: Failed login attempt. {"username":"admaawdadadin@emensa.example","ip":"::1"} []
[2025-01-07T15:52:01.381838+00:00] e-mensa.WARNING: Failed login attempt - incorrect password. {"username":"admin@emensa.example","ip":"::1"} []
[2025-01-07T15:52:05.538473+00:00] e-mensa.WARNING: Failed login attempt - incorrect password. {"username":"admin@emensa.example","ip":"::1"} []
[2025-01-07T15:52:09.159384+00:00] e-mensa.INFO: User logged in. {"user":"Admin","ip":"::1"} []
[2025-01-07T15:52:09.186683+00:00] e-mensa.INFO: Homepage accessed. {"ip":"::1"} []
[2025-01-07T15:52:15.452477+00:00] e-mensa.INFO: Homepage accessed. {"ip":"::1"} []
[2025-01-07T15:52:31.325975+00:00] e-mensa.INFO: Homepage accessed. {"ip":"::1"} []
[2025-01-07T15:52:33.297981+00:00] e-mensa.INFO: Homepage accessed. {"ip":"::1"} []
[2025-01-07T16:39:05.310685+00:00] e-mensa.INFO: Homepage accessed. {"ip":"::1"} []
[2025-01-07T16:39:25.727882+00:00] e-mensa.INFO: Homepage accessed. {"ip":"::1"} []
[2025-01-08T16:16:37.510286+00:00] e-mensa.INFO: Homepage accessed. {"ip":"::1"} []
[2025-01-08T16:16:56.369880+00:00] e-mensa.INFO: User logged in. {"user":"Admin","ip":"::1"} []
[2025-01-08T16:16:56.392375+00:00] e-mensa.INFO: Homepage accessed. {"ip":"::1"} []
[2025-01-08T16:16:59.837621+00:00] e-mensa.INFO: User logged out. {"user":"Admin","ip":"::1"} []
[2025-01-08T16:17:09.332604+00:00] e-mensa.INFO: User logged in. {"user":"Admin","ip":"::1"} []
[2025-01-08T16:17:09.358035+00:00] e-mensa.INFO: Homepage accessed. {"ip":"::1"} []
[2025-01-08T16:17:26.975563+00:00] e-mensa.INFO: Homepage accessed. {"ip":"::1"} []
[2025-01-08T16:21:09.743105+00:00] e-mensa.INFO: Homepage accessed. {"ip":"::1"} []
[2025-01-08T16:21:17.362818+00:00] e-mensa.INFO: Homepage accessed. {"ip":"::1"} []
[2025-01-08T16:21:29.787595+00:00] e-mensa.INFO: Homepage accessed. {"ip":"::1"} []
[2025-01-08T16:21:41.299617+00:00] e-mensa.INFO: User logged in. {"user":"Admin","ip":"::1"} []
[2025-01-08T16:21:41.313955+00:00] e-mensa.INFO: Homepage accessed. {"ip":"::1"} []
[2025-01-08T16:21:42.806719+00:00] e-mensa.INFO: User logged out. {"user":"Admin","ip":"::1"} []
[2025-01-08T16:21:43.833648+00:00] e-mensa.INFO: Homepage accessed. {"ip":"::1"} []
[2025-01-08T16:22:42.485685+00:00] e-mensa.INFO: Homepage accessed. {"ip":"::1"} []
[2025-01-08T16:23:56.354730+00:00] e-mensa.WARNING: Failed login attempt - incorrect password. {"username":"admin2@emensa.example","ip":"::1"} []
[2025-01-08T16:24:14.433283+00:00] e-mensa.INFO: User logged in. {"user":"Admin","ip":"::1"} []
[2025-01-08T16:24:14.448208+00:00] e-mensa.INFO: Homepage accessed. {"ip":"::1"} []
[2025-01-08T16:30:03.992626+00:00] e-mensa.INFO: Homepage accessed. {"ip":"::1"} []
[2025-01-08T16:34:00.636090+00:00] e-mensa.INFO: Homepage accessed. {"ip":"::1"} []
[2025-01-08T16:34:16.506657+00:00] e-mensa.INFO: User logged in. {"user":"Admin","ip":"::1"} []
[2025-01-08T16:34:16.818431+00:00] e-mensa.INFO: Homepage accessed. {"ip":"::1"} []
[2025-01-08T16:34:20.829833+00:00] e-mensa.INFO: User logged out. {"user":"Admin","ip":"::1"} []
[2025-01-08T16:34:25.868074+00:00] e-mensa.INFO: Homepage accessed. {"ip":"::1"} []
[2025-01-08T16:34:34.180171+00:00] e-mensa.INFO: User logged in. {"user":"Admin","ip":"::1"} []
[2025-01-08T16:34:34.192554+00:00] e-mensa.INFO: Homepage accessed. {"ip":"::1"} []
[2025-01-08T16:34:35.867022+00:00] e-mensa.INFO: User logged out. {"user":"Admin","ip":"::1"} []
[2025-01-08T16:34:40.908128+00:00] e-mensa.INFO: Homepage accessed. {"ip":"::1"} []
[2025-01-08T16:38:15.041751+00:00] e-mensa.INFO: User logged in. {"user":"Admin","ip":"::1"} []
[2025-01-08T16:38:15.053220+00:00] e-mensa.INFO: Homepage accessed. {"ip":"::1"} []
[2025-01-08T16:38:25.971916+00:00] e-mensa.INFO: User logged out. {"user":"Admin","ip":"::1"} []
[2025-01-08T16:38:31.109815+00:00] e-mensa.INFO: Homepage accessed. {"ip":"::1"} []
[2025-01-08T16:38:39.278621+00:00] e-mensa.WARNING: Failed login attempt - incorrect password. {"username":"admin2@emensa.example","ip":"::1"} []
[2025-01-08T16:38:48.125248+00:00] e-mensa.INFO: User logged in. {"user":"Admin","ip":"::1"} []
[2025-01-08T16:38:48.134292+00:00] e-mensa.INFO: Homepage accessed. {"ip":"::1"} []
[2025-01-08T16:38:54.767390+00:00] e-mensa.INFO: User logged out. {"user":"Admin","ip":"::1"} []
[2025-01-08T16:38:59.804776+00:00] e-mensa.INFO: Homepage accessed. {"ip":"::1"} []
[2025-01-08T16:43:35.749554+00:00] e-mensa.INFO: Homepage accessed. {"ip":"::1"} []
[2025-01-08T16:46:01.052627+00:00] e-mensa.INFO: Homepage accessed. {"ip":"::1"} []
[2025-01-08T16:46:12.156973+00:00] e-mensa.INFO: Homepage accessed. {"ip":"::1"} []
[2025-01-08T16:47:19.741883+00:00] e-mensa.INFO: Homepage accessed. {"ip":"::1"} []
[2025-01-08T16:49:10.873659+00:00] e-mensa.INFO: Homepage accessed. {"ip":"::1"} []
[2025-01-08T16:50:23.823547+00:00] e-mensa.INFO: Homepage accessed. {"ip":"::1"} []
[2025-01-08T16:52:47.878449+00:00] e-mensa.INFO: Homepage accessed. {"ip":"::1"} []
[2025-01-08T16:53:42.251563+00:00] e-mensa.INFO: User logged in. {"user":"Admin","ip":"::1"} []
[2025-01-08T16:53:42.261640+00:00] e-mensa.INFO: Homepage accessed. {"ip":"::1"} []
[2025-01-08T16:53:49.129834+00:00] e-mensa.INFO: User logged out. {"user":"Admin","ip":"::1"} []
[2025-01-08T16:53:54.170165+00:00] e-mensa.INFO: Homepage accessed. {"ip":"::1"} []
[2025-01-08T16:55:20.893469+00:00] e-mensa.INFO: User logged in. {"user":"Admin","ip":"::1"} []
[2025-01-08T16:55:20.904121+00:00] e-mensa.INFO: Homepage accessed. {"ip":"::1"} []
[2025-01-08T16:55:22.188426+00:00] e-mensa.INFO: User logged out. {"user":"Admin","ip":"::1"} []
[2025-01-08T16:55:28.315567+00:00] e-mensa.INFO: User logged in. {"user":"Admin","ip":"::1"} []
[2025-01-08T16:55:28.325016+00:00] e-mensa.INFO: Homepage accessed. {"ip":"::1"} []
[2025-01-08T16:55:30.411587+00:00] e-mensa.INFO: User logged out. {"user":"Admin","ip":"::1"} []
[2025-01-08T16:55:31.814289+00:00] e-mensa.INFO: Homepage accessed. {"ip":"::1"} []
[2025-01-08T16:55:35.754259+00:00] e-mensa.INFO: User logged in. {"user":"Admin","ip":"::1"} []
[2025-01-08T16:55:35.762163+00:00] e-mensa.INFO: Homepage accessed. {"ip":"::1"} []
[2025-01-08T16:55:37.263994+00:00] e-mensa.INFO: User logged out. {"user":"Admin","ip":"::1"} []
[2025-01-08T16:55:38.935114+00:00] e-mensa.INFO: Homepage accessed. {"ip":"::1"} []
[2025-01-08T16:55:49.552991+00:00] e-mensa.INFO: User logged in. {"user":"Admin","ip":"::1"} []
[2025-01-08T16:55:49.562809+00:00] e-mensa.INFO: Homepage accessed. {"ip":"::1"} []
[2025-01-08T16:55:51.261094+00:00] e-mensa.INFO: User logged out. {"user":"Admin","ip":"::1"} []
[2025-01-08T16:55:56.297184+00:00] e-mensa.INFO: Homepage accessed. {"ip":"::1"} []
[2025-01-08T16:56:55.961059+00:00] e-mensa.INFO: User logged in. {"user":"Admin","ip":"::1"} []
[2025-01-08T16:56:55.968304+00:00] e-mensa.INFO: Homepage accessed. {"ip":"::1"} []
[2025-01-08T16:56:57.681764+00:00] e-mensa.INFO: User logged out. {"user":"Admin","ip":"::1"} []
[2025-01-08T16:57:02.720247+00:00] e-mensa.INFO: Homepage accessed. {"ip":"::1"} []
[2025-01-08T16:59:30.017577+00:00] e-mensa.INFO: User logged in. {"user":"Admin","ip":"::1"} []
[2025-01-08T16:59:30.028553+00:00] e-mensa.INFO: Homepage accessed. {"ip":"::1"} []
[2025-01-08T17:01:11.519079+00:00] e-mensa.INFO: Homepage accessed. {"ip":"::1"} []
[2025-01-08T23:41:45.188788+00:00] e-mensa.INFO: Homepage accessed. {"ip":"::1"} []
[2025-01-08T23:41:46.854025+00:00] e-mensa.INFO: User logged out. {"user":"Admin","ip":"::1"} []
[2025-01-08T23:41:48.574743+00:00] e-mensa.INFO: Homepage accessed. {"ip":"::1"} []
[2025-01-08T23:41:52.950575+00:00] e-mensa.INFO: User logged in. {"user":"Admin","ip":"::1"} []
[2025-01-08T23:41:52.962453+00:00] e-mensa.INFO: Homepage accessed. {"ip":"::1"} []
[2025-01-08T23:44:08.193948+00:00] e-mensa.INFO: Homepage accessed. {"ip":"::1"} []
[2025-01-08T23:44:09.935391+00:00] e-mensa.INFO: User logged out. {"user":"Admin","ip":"::1"} []
[2025-01-08T23:44:14.969170+00:00] e-mensa.INFO: Homepage accessed. {"ip":"::1"} []
[2025-01-09T11:23:59.755619+00:00] e-mensa.INFO: Homepage accessed. {"ip":"::1"} []
[2025-01-09T11:24:19.416126+00:00] e-mensa.INFO: User logged in. {"user":"Admin","ip":"::1"} []
[2025-01-09T11:24:19.428143+00:00] e-mensa.INFO: Homepage accessed. {"ip":"::1"} []
[2025-01-09T11:24:23.825839+00:00] e-mensa.INFO: User logged out. {"user":"Admin","ip":"::1"} []
[2025-01-09T11:24:30.438677+00:00] e-mensa.INFO: Homepage accessed. {"ip":"::1"} []
[2025-01-09T11:26:04.516115+00:00] e-mensa.WARNING: Failed login attempt - incorrect password. {"username":"admin2@emensa.example","ip":"::1"} []
[2025-01-09T13:07:23.950121+00:00] e-mensa.INFO: Homepage accessed. {"ip":"::1"} []
[2025-01-09T13:07:35.849955+00:00] e-mensa.INFO: Homepage accessed. {"ip":"::1"} []
[2025-01-09T13:07:42.034006+00:00] e-mensa.INFO: User logged in. {"user":"Admin","ip":"::1"} []
[2025-01-09T13:07:42.042813+00:00] e-mensa.INFO: Homepage accessed. {"ip":"::1"} []
[2025-01-09T13:07:44.656144+00:00] e-mensa.INFO: User logged out. {"user":"Admin","ip":"::1"} []
[2025-01-09T13:07:49.695790+00:00] e-mensa.INFO: Homepage accessed. {"ip":"::1"} []
